This is pdfTeX, Version 3.14159265-2.6-1.40.20 (MiKTeX 2.9.7250 64-bit) (preloaded format=pdflatex 2019.12.7)  18 JUL 2020 09:12
entering extended mode
**./BaoCDoAn.tex
(BaoCDoAn.tex
LaTeX2e <2019-10-01> patch level 3

("C:\Users\QuangMinhNguyenTran\AppData\Local\Programs\MiKTeX 2.9\tex/latex/base
\article.cls"
Document Class: article 2019/10/25 v1.4k Standard LaTeX document class

("C:\Users\QuangMinhNguyenTran\AppData\Local\Programs\MiKTeX 2.9\tex/latex/base
\size10.clo"
File: size10.clo 2019/10/25 v1.4k Standard LaTeX file (size option)
)
\c@part=\count80
\c@section=\count81
\c@subsection=\count82
\c@subsubsection=\count83
\c@paragraph=\count84
\c@subparagraph=\count85
\c@figure=\count86
\c@table=\count87
\abovecaptionskip=\skip41
\belowcaptionskip=\skip42
\bibindent=\dimen102
)
("C:\Users\QuangMinhNguyenTran\AppData\Local\Programs\MiKTeX 2.9\tex/latex/vnte
x\vntex.sty"
Package: vntex 2009/07/12 v1.1 support for Vietnamese

("C:\Users\QuangMinhNguyenTran\AppData\Local\Programs\MiKTeX 2.9\tex/latex/base
\ifthen.sty"
Package: ifthen 2014/09/29 v1.1c Standard LaTeX ifthen package (DPC)
)
("C:\Users\QuangMinhNguyenTran\AppData\Local\Programs\MiKTeX 2.9\tex/latex/base
\fontenc.sty"
Package: fontenc 2018/08/11 v2.0j Standard LaTeX package

("C:\Users\QuangMinhNguyenTran\AppData\Local\Programs\MiKTeX 2.9\tex/latex/vnte
x\t5enc.def"
File: t5enc.def 2006/11/21 v1.4 Vietnamese T5 encoding
Now handling font encoding T5 ...
... processing UTF-8 mapping file for font encoding T5

("C:\Users\QuangMinhNguyenTran\AppData\Local\Programs\MiKTeX 2.9\tex/latex/vnte
x\t5enc.dfu"
File: t5enc.dfu 2006/08/19 v1.1 UTF8 support for Vietnamese
   defining Unicode char U+00AB (decimal 171)
   defining Unicode char U+00BB (decimal 187)
   defining Unicode char U+00C0 (decimal 192)
   defining Unicode char U+00C1 (decimal 193)
   defining Unicode char U+00C2 (decimal 194)
   defining Unicode char U+00C3 (decimal 195)
   defining Unicode char U+00C8 (decimal 200)
   defining Unicode char U+00C9 (decimal 201)
   defining Unicode char U+00CA (decimal 202)
   defining Unicode char U+00CC (decimal 204)
   defining Unicode char U+00CD (decimal 205)
   defining Unicode char U+00D2 (decimal 210)
   defining Unicode char U+00D3 (decimal 211)
   defining Unicode char U+00D4 (decimal 212)
   defining Unicode char U+00D5 (decimal 213)
   defining Unicode char U+00D9 (decimal 217)
   defining Unicode char U+00DA (decimal 218)
   defining Unicode char U+00DD (decimal 221)
   defining Unicode char U+00E0 (decimal 224)
   defining Unicode char U+00E1 (decimal 225)
   defining Unicode char U+00E2 (decimal 226)
   defining Unicode char U+00E3 (decimal 227)
   defining Unicode char U+00E8 (decimal 232)
   defining Unicode char U+00E9 (decimal 233)
   defining Unicode char U+00EA (decimal 234)
   defining Unicode char U+00EC (decimal 236)
   defining Unicode char U+00ED (decimal 237)
   defining Unicode char U+00F2 (decimal 242)
   defining Unicode char U+00F3 (decimal 243)
   defining Unicode char U+00F4 (decimal 244)
   defining Unicode char U+00F5 (decimal 245)
   defining Unicode char U+00F9 (decimal 249)
   defining Unicode char U+00FA (decimal 250)
   defining Unicode char U+00FD (decimal 253)
   defining Unicode char U+0102 (decimal 258)
   defining Unicode char U+0103 (decimal 259)
   defining Unicode char U+0110 (decimal 272)
   defining Unicode char U+0111 (decimal 273)
   defining Unicode char U+0128 (decimal 296)
   defining Unicode char U+0129 (decimal 297)
   defining Unicode char U+0131 (decimal 305)
   defining Unicode char U+0168 (decimal 360)
   defining Unicode char U+0169 (decimal 361)
   defining Unicode char U+01A0 (decimal 416)
   defining Unicode char U+01A1 (decimal 417)
   defining Unicode char U+01AF (decimal 431)
   defining Unicode char U+01B0 (decimal 432)
   defining Unicode char U+1EA0 (decimal 7840)
   defining Unicode char U+1EA1 (decimal 7841)
   defining Unicode char U+1EA2 (decimal 7842)
   defining Unicode char U+1EA3 (decimal 7843)
   defining Unicode char U+1EA4 (decimal 7844)
   defining Unicode char U+1EA5 (decimal 7845)
   defining Unicode char U+1EA6 (decimal 7846)
   defining Unicode char U+1EA7 (decimal 7847)
   defining Unicode char U+1EA8 (decimal 7848)
   defining Unicode char U+1EA9 (decimal 7849)
   defining Unicode char U+1EAA (decimal 7850)
   defining Unicode char U+1EAB (decimal 7851)
   defining Unicode char U+1EAC (decimal 7852)
   defining Unicode char U+1EAD (decimal 7853)
   defining Unicode char U+1EAE (decimal 7854)
   defining Unicode char U+1EAF (decimal 7855)
   defining Unicode char U+1EB0 (decimal 7856)
   defining Unicode char U+1EB1 (decimal 7857)
   defining Unicode char U+1EB2 (decimal 7858)
   defining Unicode char U+1EB3 (decimal 7859)
   defining Unicode char U+1EB4 (decimal 7860)
   defining Unicode char U+1EB5 (decimal 7861)
   defining Unicode char U+1EB6 (decimal 7862)
   defining Unicode char U+1EB7 (decimal 7863)
   defining Unicode char U+1EB8 (decimal 7864)
   defining Unicode char U+1EB9 (decimal 7865)
   defining Unicode char U+1EBA (decimal 7866)
   defining Unicode char U+1EBB (decimal 7867)
   defining Unicode char U+1EBC (decimal 7868)
   defining Unicode char U+1EBD (decimal 7869)
   defining Unicode char U+1EBE (decimal 7870)
   defining Unicode char U+1EBF (decimal 7871)
   defining Unicode char U+1EC0 (decimal 7872)
   defining Unicode char U+1EC1 (decimal 7873)
   defining Unicode char U+1EC2 (decimal 7874)
   defining Unicode char U+1EC3 (decimal 7875)
   defining Unicode char U+1EC4 (decimal 7876)
   defining Unicode char U+1EC5 (decimal 7877)
   defining Unicode char U+1EC6 (decimal 7878)
   defining Unicode char U+1EC7 (decimal 7879)
   defining Unicode char U+1EC8 (decimal 7880)
   defining Unicode char U+1EC9 (decimal 7881)
   defining Unicode char U+1ECA (decimal 7882)
   defining Unicode char U+1ECB (decimal 7883)
   defining Unicode char U+1ECC (decimal 7884)
   defining Unicode char U+1ECD (decimal 7885)
   defining Unicode char U+1ECE (decimal 7886)
   defining Unicode char U+1ECF (decimal 7887)
   defining Unicode char U+1ED0 (decimal 7888)
   defining Unicode char U+1ED1 (decimal 7889)
   defining Unicode char U+1ED2 (decimal 7890)
   defining Unicode char U+1ED3 (decimal 7891)
   defining Unicode char U+1ED4 (decimal 7892)
   defining Unicode char U+1ED5 (decimal 7893)
   defining Unicode char U+1ED6 (decimal 7894)
   defining Unicode char U+1ED7 (decimal 7895)
   defining Unicode char U+1ED8 (decimal 7896)
   defining Unicode char U+1ED9 (decimal 7897)
   defining Unicode char U+1EDA (decimal 7898)
   defining Unicode char U+1EDB (decimal 7899)
   defining Unicode char U+1EDC (decimal 7900)
   defining Unicode char U+1EDD (decimal 7901)
   defining Unicode char U+1EDE (decimal 7902)
   defining Unicode char U+1EDF (decimal 7903)
   defining Unicode char U+1EE0 (decimal 7904)
   defining Unicode char U+1EE1 (decimal 7905)
   defining Unicode char U+1EE2 (decimal 7906)
   defining Unicode char U+1EE3 (decimal 7907)
   defining Unicode char U+1EE4 (decimal 7908)
   defining Unicode char U+1EE5 (decimal 7909)
   defining Unicode char U+1EE6 (decimal 7910)
   defining Unicode char U+1EE7 (decimal 7911)
   defining Unicode char U+1EE8 (decimal 7912)
   defining Unicode char U+1EE9 (decimal 7913)
   defining Unicode char U+1EEA (decimal 7914)
   defining Unicode char U+1EEB (decimal 7915)
   defining Unicode char U+1EEC (decimal 7916)
   defining Unicode char U+1EED (decimal 7917)
   defining Unicode char U+1EEE (decimal 7918)
   defining Unicode char U+1EEF (decimal 7919)
   defining Unicode char U+1EF0 (decimal 7920)
   defining Unicode char U+1EF1 (decimal 7921)
   defining Unicode char U+1EF2 (decimal 7922)
   defining Unicode char U+1EF3 (decimal 7923)
   defining Unicode char U+1EF4 (decimal 7924)
   defining Unicode char U+1EF5 (decimal 7925)
   defining Unicode char U+1EF6 (decimal 7926)
   defining Unicode char U+1EF7 (decimal 7927)
   defining Unicode char U+1EF8 (decimal 7928)
   defining Unicode char U+1EF9 (decimal 7929)
   defining Unicode char U+200C (decimal 8204)
   defining Unicode char U+2013 (decimal 8211)
   defining Unicode char U+2014 (decimal 8212)
   defining Unicode char U+2018 (decimal 8216)
   defining Unicode char U+2019 (decimal 8217)
   defining Unicode char U+201A (decimal 8218)
   defining Unicode char U+201C (decimal 8220)
   defining Unicode char U+201D (decimal 8221)
   defining Unicode char U+201E (decimal 8222)
   defining Unicode char U+2030 (decimal 8240)
   defining Unicode char U+2031 (decimal 8241)
   defining Unicode char U+2039 (decimal 8249)
   defining Unicode char U+203A (decimal 8250)
   defining Unicode char U+2423 (decimal 9251)
))
LaTeX Font Info:    Trying to load font information for T5+cmr on input line 10
5.

("C:\Users\QuangMinhNguyenTran\AppData\Local\Programs\MiKTeX 2.9\tex/latex/vnte
x\t5cmr.fd"
File: t5cmr.fd 1999/05/25 v2.5h Standard LaTeX font definitions
))

Package vntex Warning: No input encoding specified, using UTF-8 as default on i
nput line 88.


("C:\Users\QuangMinhNguyenTran\AppData\Local\Programs\MiKTeX 2.9\tex/latex/base
\inputenc.sty"
Package: inputenc 2018/08/11 v1.3c Input encoding file
\inpenc@prehook=\toks14
\inpenc@posthook=\toks15
)
("C:\Users\QuangMinhNguyenTran\AppData\Local\Programs\MiKTeX 2.9\tex/latex/vnte
x\vncaps.tex"
File: vncaps.tex 2006/06/07 v1.1 Captions in Vietnamese
))
("C:\Users\QuangMinhNguyenTran\AppData\Local\Programs\MiKTeX 2.9\tex/latex/a4wi
de\a4wide.sty"
Package: a4wide 1994/08/30

("C:\Users\QuangMinhNguyenTran\AppData\Local\Programs\MiKTeX 2.9\tex/latex/ntgc
lass\a4.sty"
Package: a4 2004/04/15 v1.2g A4 based page layout
))
("C:\Users\QuangMinhNguyenTran\AppData\Local\Programs\MiKTeX 2.9\tex/latex/amsf
onts\amssymb.sty"
Package: amssymb 2013/01/14 v3.01 AMS font symbols

("C:\Users\QuangMinhNguyenTran\AppData\Local\Programs\MiKTeX 2.9\tex/latex/amsf
onts\amsfonts.sty"
Package: amsfonts 2013/01/14 v3.01 Basic AMSFonts support
\@emptytoks=\toks16
\symAMSa=\mathgroup4
\symAMSb=\mathgroup5
LaTeX Font Info:    Redeclaring math symbol \hbar on input line 98.
LaTeX Font Info:    Overwriting math alphabet `\mathfrak' in version `bold'
(Font)                  U/euf/m/n --> U/euf/b/n on input line 106.
))
("C:\Users\QuangMinhNguyenTran\AppData\Local\Programs\MiKTeX 2.9\tex/latex/grap
hics\epsfig.sty"
Package: epsfig 2017/06/25 v1.7b (e)psfig emulation (SPQR)

("C:\Users\QuangMinhNguyenTran\AppData\Local\Programs\MiKTeX 2.9\tex/latex/grap
hics\graphicx.sty"
Package: graphicx 2017/06/01 v1.1a Enhanced LaTeX Graphics (DPC,SPQR)

("C:\Users\QuangMinhNguyenTran\AppData\Local\Programs\MiKTeX 2.9\tex/latex/grap
hics\keyval.sty"
Package: keyval 2014/10/28 v1.15 key=value parser (DPC)
\KV@toks@=\toks17
)
("C:\Users\QuangMinhNguyenTran\AppData\Local\Programs\MiKTeX 2.9\tex/latex/grap
hics\graphics.sty"
Package: graphics 2019/11/01 v1.3d Standard LaTeX Graphics (DPC,SPQR)

("C:\Users\QuangMinhNguyenTran\AppData\Local\Programs\MiKTeX 2.9\tex/latex/grap
hics\trig.sty"
Package: trig 2016/01/03 v1.10 sin cos tan (DPC)
)
("C:\Users\QuangMinhNguyenTran\AppData\Local\Programs\MiKTeX 2.9\tex/latex/grap
hics-cfg\graphics.cfg"
File: graphics.cfg 2016/06/04 v1.11 sample graphics configuration
)
Package graphics Info: Driver file: pdftex.def on input line 105.

("C:\Users\QuangMinhNguyenTran\AppData\Local\Programs\MiKTeX 2.9\tex/latex/grap
hics-def\pdftex.def"
File: pdftex.def 2018/01/08 v1.0l Graphics/color driver for pdftex
))
\Gin@req@height=\dimen103
\Gin@req@width=\dimen104
)
\epsfxsize=\dimen105
\epsfysize=\dimen106
)
("C:\Users\QuangMinhNguyenTran\AppData\Local\Programs\MiKTeX 2.9\tex/latex/base
\latexsym.sty"
Package: latexsym 1998/08/17 v2.2e Standard LaTeX package (lasy symbols)
\symlasy=\mathgroup6
LaTeX Font Info:    Overwriting symbol font `lasy' in version `bold'
(Font)                  U/lasy/m/n --> U/lasy/b/n on input line 52.
)
("C:\Users\QuangMinhNguyenTran\AppData\Local\Programs\MiKTeX 2.9\tex/latex/tool
s\multicol.sty"
Package: multicol 2019/03/01 v1.8w multicolumn formatting (FMi)
\c@tracingmulticols=\count88
\mult@box=\box27
\multicol@leftmargin=\dimen107
\c@unbalance=\count89
\c@collectmore=\count90
\doublecol@number=\count91
\multicoltolerance=\count92
\multicolpretolerance=\count93
\full@width=\dimen108
\page@free=\dimen109
\premulticols=\dimen110
\postmulticols=\dimen111
\multicolsep=\skip43
\multicolbaselineskip=\skip44
\partial@page=\box28
\last@line=\box29
\maxbalancingoverflow=\dimen112
\mult@rightbox=\box30
\mult@grightbox=\box31
\mult@gfirstbox=\box32
\mult@firstbox=\box33
\@tempa=\box34
\@tempa=\box35
\@tempa=\box36
\@tempa=\box37
\@tempa=\box38
\@tempa=\box39
\@tempa=\box40
\@tempa=\box41
\@tempa=\box42
\@tempa=\box43
\@tempa=\box44
\@tempa=\box45
\@tempa=\box46
\@tempa=\box47
\@tempa=\box48
\@tempa=\box49
\@tempa=\box50
\c@minrows=\count94
\c@columnbadness=\count95
\c@finalcolumnbadness=\count96
\last@try=\dimen113
\multicolovershoot=\dimen114
\multicolundershoot=\dimen115
\mult@nat@firstbox=\box51
\colbreak@box=\box52
\mc@col@check@num=\count97
)
("C:\Users\QuangMinhNguyenTran\AppData\Local\Programs\MiKTeX 2.9\tex/latex/tool
s\array.sty"
Package: array 2019/08/31 v2.4l Tabular extension package (FMi)
\col@sep=\dimen116
\ar@mcellbox=\box53
\extrarowheight=\dimen117
\NC@list=\toks18
\extratabsurround=\skip45
\backup@length=\skip46
\ar@cellbox=\box54
)
("C:\Users\QuangMinhNguyenTran\AppData\Local\Programs\MiKTeX 2.9\tex/latex/tool
s\hhline.sty"
Package: hhline 2014/10/28 v2.03 Table rule package (DPC)
)
("C:\Users\QuangMinhNguyenTran\AppData\Local\Programs\MiKTeX 2.9\tex/latex/fanc
yhdr\fancyhdr.sty"
Package: fancyhdr 2019/01/31 v3.10 Extensive control of page headers and footer
s
\f@nch@headwidth=\skip47
\f@nch@O@elh=\skip48
\f@nch@O@erh=\skip49
\f@nch@O@olh=\skip50
\f@nch@O@orh=\skip51
\f@nch@O@elf=\skip52
\f@nch@O@erf=\skip53
\f@nch@O@olf=\skip54
\f@nch@O@orf=\skip55
)
("C:\Users\QuangMinhNguyenTran\AppData\Local\Programs\MiKTeX 2.9\tex/latex/tocb
ibind\tocbibind.sty"
Package: tocbibind 2010/10/13 v1.5k extra ToC listings
Package tocbibind Info: The document has section divisions on input line 50.


Package tocbibind Note: Using section or other style headings.

)
("C:\Users\QuangMinhNguyenTran\AppData\Local\Programs\MiKTeX 2.9\tex/latex/tool
s\indentfirst.sty"
Package: indentfirst 1995/11/23 v1.03 Indent first paragraph (DPC)
)
("C:\Users\QuangMinhNguyenTran\AppData\Local\Programs\MiKTeX 2.9\tex/latex/floa
t\float.sty"
Package: float 2001/11/08 v1.3d Float enhancements (AL)
\c@float@type=\count98
\float@exts=\toks19
\float@box=\box55
\@float@everytoks=\toks20
\@floatcapt=\box56
)
("C:\Users\QuangMinhNguyenTran\AppData\Local\Programs\MiKTeX 2.9\tex/latex/amsm
ath\amsmath.sty"
Package: amsmath 2019/11/16 v2.17d AMS math features
\@mathmargin=\skip56

For additional information on amsmath, use the `?' option.

("C:\Users\QuangMinhNguyenTran\AppData\Local\Programs\MiKTeX 2.9\tex/latex/amsm
ath\amstext.sty"
Package: amstext 2000/06/29 v2.01 AMS text

("C:\Users\QuangMinhNguyenTran\AppData\Local\Programs\MiKTeX 2.9\tex/latex/amsm
ath\amsgen.sty"
File: amsgen.sty 1999/11/30 v2.0 generic functions
\@emptytoks=\toks21
\ex@=\dimen118
))
("C:\Users\QuangMinhNguyenTran\AppData\Local\Programs\MiKTeX 2.9\tex/latex/amsm
ath\amsbsy.sty"
Package: amsbsy 1999/11/29 v1.2d Bold Symbols
\pmbraise@=\dimen119
)
("C:\Users\QuangMinhNguyenTran\AppData\Local\Programs\MiKTeX 2.9\tex/latex/amsm
ath\amsopn.sty"
Package: amsopn 2016/03/08 v2.02 operator names
)
\inf@bad=\count99
LaTeX Info: Redefining \frac on input line 227.
\uproot@=\count100
\leftroot@=\count101
LaTeX Info: Redefining \overline on input line 389.
\classnum@=\count102
\DOTSCASE@=\count103
LaTeX Info: Redefining \ldots on input line 486.
LaTeX Info: Redefining \dots on input line 489.
LaTeX Info: Redefining \cdots on input line 610.
\Mathstrutbox@=\box57
\strutbox@=\box58
\big@size=\dimen120
LaTeX Font Info:    Redeclaring font encoding OML on input line 733.
LaTeX Font Info:    Redeclaring font encoding OMS on input line 734.
\macc@depth=\count104
\c@MaxMatrixCols=\count105
\dotsspace@=\muskip10
\c@parentequation=\count106
\dspbrk@lvl=\count107
\tag@help=\toks22
\row@=\count108
\column@=\count109
\maxfields@=\count110
\andhelp@=\toks23
\eqnshift@=\dimen121
\alignsep@=\dimen122
\tagshift@=\dimen123
\tagwidth@=\dimen124
\totwidth@=\dimen125
\lineht@=\dimen126
\@envbody=\toks24
\multlinegap=\skip57
\multlinetaggap=\skip58
\mathdisplay@stack=\toks25
LaTeX Info: Redefining \[ on input line 2858.
LaTeX Info: Redefining \] on input line 2859.
)
("C:\Users\QuangMinhNguyenTran\AppData\Local\Programs\MiKTeX 2.9\tex/latex/last
page\lastpage.sty"
Package: lastpage 2015/03/29 v1.2m Refers to last page's name (HMM; JPG)
)
("C:\Users\QuangMinhNguyenTran\AppData\Local\Programs\MiKTeX 2.9\tex/latex/algo
rithm2e\algorithm2e.sty"
Package: algorithm2e 2017/07/18 v5.2 algorithms environments
\c@AlgoLine=\count111
\algocf@hangindent=\skip59

("C:\Users\QuangMinhNguyenTran\AppData\Local\Programs\MiKTeX 2.9\tex/latex/ifod
dpage\ifoddpage.sty"
Package: ifoddpage 2016/04/23 v1.1 Conditionals for odd/even page detection
\c@checkoddpage=\count112
)
("C:\Users\QuangMinhNguyenTran\AppData\Local\Programs\MiKTeX 2.9\tex/latex/tool
s\xspace.sty"
Package: xspace 2014/10/28 v1.13 Space after command names (DPC,MH)
)
("C:\Users\QuangMinhNguyenTran\AppData\Local\Programs\MiKTeX 2.9\tex/latex/rels
ize\relsize.sty"
Package: relsize 2013/03/29 ver 4.1
)
\skiptotal=\skip60
\skiplinenumber=\skip61
\skiprule=\skip62
\skiphlne=\skip63
\skiptext=\skip64
\skiplength=\skip65
\algomargin=\skip66
\skipalgocfslide=\skip67
\algowidth=\dimen127
\inoutsize=\dimen128
\inoutindent=\dimen129
\interspacetitleruled=\dimen130
\interspacealgoruled=\dimen131
\interspacetitleboxruled=\dimen132
\algocf@ruledwidth=\skip68
\algocf@inoutbox=\box59
\algocf@inputbox=\box60
\AlCapSkip=\skip69
\AlCapHSkip=\skip70
\algoskipindent=\skip71
\algocf@nlbox=\box61
\algocf@hangingbox=\box62
\algocf@untilbox=\box63
\algocf@skipuntil=\skip72
\algocf@capbox=\box64
\algocf@lcaptionbox=\skip73
\algoheightruledefault=\skip74
\algoheightrule=\skip75
\algotitleheightruledefault=\skip76
\algotitleheightrule=\skip77
\c@algocfline=\count113
\c@algocfproc=\count114
\c@algocf=\count115
\algocf@algoframe=\box65
\algocf@algobox=\box66
)
("C:\Users\QuangMinhNguyenTran\AppData\Local\Programs\MiKTeX 2.9\tex/latex/tool
s\enumerate.sty"
Package: enumerate 2015/07/23 v3.00 enumerate extensions (DPC)
\@enLab=\toks26
)
("C:\Users\QuangMinhNguyenTran\AppData\Local\Programs\MiKTeX 2.9\tex/latex/grap
hics\color.sty"
Package: color 2016/07/10 v1.1e Standard LaTeX Color (DPC)

("C:\Users\QuangMinhNguyenTran\AppData\Local\Programs\MiKTeX 2.9\tex/latex/grap
hics-cfg\color.cfg"
File: color.cfg 2016/01/02 v1.6 sample color configuration
)
Package color Info: Driver file: pdftex.def on input line 147.
)
("C:\Users\QuangMinhNguyenTran\AppData\Local\Programs\MiKTeX 2.9\tex/latex/tool
s\tabularx.sty"
Package: tabularx 2016/02/03 v2.11b `tabularx' package (DPC)
\TX@col@width=\dimen133
\TX@old@table=\dimen134
\TX@old@col=\dimen135
\TX@target=\dimen136
\TX@delta=\dimen137
\TX@cols=\count116
\TX@ftn=\toks27
)
("C:\Users\QuangMinhNguyenTran\AppData\Local\Programs\MiKTeX 2.9\tex/latex/capt
ion\caption.sty"
Package: caption 2019/10/18 v3.4a Customizing captions (AR)

("C:\Users\QuangMinhNguyenTran\AppData\Local\Programs\MiKTeX 2.9\tex/latex/capt
ion\caption3.sty"
Package: caption3 2019/09/09 v1.8e caption3 kernel (AR)
Package caption3 Info: TeX engine: e-TeX on input line 64.
\captionmargin=\dimen138
\captionmargin@=\dimen139
\captionwidth=\dimen140
\caption@tempdima=\dimen141
\caption@indent=\dimen142
\caption@parindent=\dimen143
\caption@hangindent=\dimen144
Package caption Info: Standard document class detected.
)
\c@caption@flags=\count117
\c@continuedfloat=\count118
Package caption Info: float package is loaded.
)
("C:\Users\QuangMinhNguyenTran\AppData\Local\Programs\MiKTeX 2.9\tex/latex/mult
irow\multirow.sty"
Package: multirow 2019/05/31 v2.5 Span multiple rows of a table
\multirow@colwidth=\skip78
\multirow@cntb=\count119
\multirow@dima=\skip79
\bigstrutjot=\dimen145
)
("C:\Users\QuangMinhNguyenTran\AppData\Local\Programs\MiKTeX 2.9\tex/latex/grap
hics\rotating.sty"
Package: rotating 2016/08/11 v2.16d rotated objects in LaTeX
\c@r@tfl@t=\count120
\rotFPtop=\skip80
\rotFPbot=\skip81
\rot@float@box=\box67
\rot@mess@toks=\toks28
)
("C:\Users\QuangMinhNguyenTran\AppData\Local\Programs\MiKTeX 2.9\tex/latex/geom
etry\geometry.sty"
Package: geometry 2018/04/16 v5.8 Page Geometry

("C:\Users\QuangMinhNguyenTran\AppData\Local\Programs\MiKTeX 2.9\tex/generic/if
tex\ifpdf.sty"
Package: ifpdf 2019/10/25 v3.4 ifpdf legacy package. Use iftex instead.

("C:\Users\QuangMinhNguyenTran\AppData\Local\Programs\MiKTeX 2.9\tex/generic/if
tex\iftex.sty"
Package: iftex 2019/11/07 v1.0c TeX engine tests
))
("C:\Users\QuangMinhNguyenTran\AppData\Local\Programs\MiKTeX 2.9\tex/generic/if
tex\ifvtex.sty"
Package: ifvtex 2019/10/25 v1.7 ifvtex legacy package. Use iftex instead.
)
("C:\Users\QuangMinhNguyenTran\AppData\Local\Programs\MiKTeX 2.9\tex/generic/if
tex\ifxetex.sty"
Package: ifxetex 2019/10/25 v0.7 ifxetex legacy package. Use iftex instead.
)
\Gm@cnth=\count121
\Gm@cntv=\count122
\c@Gm@tempcnt=\count123
\Gm@bindingoffset=\dimen146
\Gm@wd@mp=\dimen147
\Gm@odd@mp=\dimen148
\Gm@even@mp=\dimen149
\Gm@layoutwidth=\dimen150
\Gm@layoutheight=\dimen151
\Gm@layouthoffset=\dimen152
\Gm@layoutvoffset=\dimen153
\Gm@dimlist=\toks29

("C:\Users\QuangMinhNguyenTran\AppData\Local\Programs\MiKTeX 2.9\tex/latex/geom
etry\geometry.cfg"))
("C:\Users\QuangMinhNguyenTran\AppData\Local\Programs\MiKTeX 2.9\tex/latex/sets
pace\setspace.sty"
Package: setspace 2011/12/19 v6.7a set line spacing
)
("C:\Users\QuangMinhNguyenTran\AppData\Local\Programs\MiKTeX 2.9\tex/latex/pgf/
frontendlayer\tikz.sty"
("C:\Users\QuangMinhNguyenTran\AppData\Local\Programs\MiKTeX 2.9\tex/latex/pgf/
basiclayer\pgf.sty"
("C:\Users\QuangMinhNguyenTran\AppData\Local\Programs\MiKTeX 2.9\tex/latex/pgf/
utilities\pgfrcs.sty"
("C:\Users\QuangMinhNguyenTran\AppData\Local\Programs\MiKTeX 2.9\tex/generic/pg
f/utilities\pgfutil-common.tex"
\pgfutil@everybye=\toks30
\pgfutil@tempdima=\dimen154
\pgfutil@tempdimb=\dimen155

("C:\Users\QuangMinhNguyenTran\AppData\Local\Programs\MiKTeX 2.9\tex/generic/pg
f/utilities\pgfutil-common-lists.tex"))
("C:\Users\QuangMinhNguyenTran\AppData\Local\Programs\MiKTeX 2.9\tex/generic/pg
f/utilities\pgfutil-latex.def"
\pgfutil@abb=\box68

("C:\Users\QuangMinhNguyenTran\AppData\Local\Programs\MiKTeX 2.9\tex/latex/ms\e
veryshi.sty"
Package: everyshi 2001/05/15 v3.00 EveryShipout Package (MS)
))
("C:\Users\QuangMinhNguyenTran\AppData\Local\Programs\MiKTeX 2.9\tex/generic/pg
f/utilities\pgfrcs.code.tex"
("C:\Users\QuangMinhNguyenTran\AppData\Local\Programs\MiKTeX 2.9\tex/generic/pg
f\pgf.revision.tex")
Package: pgfrcs 2019/08/03 v3.1.4b (3.1.4b)
))
Package: pgf 2019/08/03 v3.1.4b (3.1.4b)

("C:\Users\QuangMinhNguyenTran\AppData\Local\Programs\MiKTeX 2.9\tex/latex/pgf/
basiclayer\pgfcore.sty"
("C:\Users\QuangMinhNguyenTran\AppData\Local\Programs\MiKTeX 2.9\tex/latex/pgf/
systemlayer\pgfsys.sty"
("C:\Users\QuangMinhNguyenTran\AppData\Local\Programs\MiKTeX 2.9\tex/generic/pg
f/systemlayer\pgfsys.code.tex"
Package: pgfsys 2019/08/03 v3.1.4b (3.1.4b)

("C:\Users\QuangMinhNguyenTran\AppData\Local\Programs\MiKTeX 2.9\tex/generic/pg
f/utilities\pgfkeys.code.tex"
\pgfkeys@pathtoks=\toks31
\pgfkeys@temptoks=\toks32

("C:\Users\QuangMinhNguyenTran\AppData\Local\Programs\MiKTeX 2.9\tex/generic/pg
f/utilities\pgfkeysfiltered.code.tex"
\pgfkeys@tmptoks=\toks33
))
\pgf@x=\dimen156
\pgf@y=\dimen157
\pgf@xa=\dimen158
\pgf@ya=\dimen159
\pgf@xb=\dimen160
\pgf@yb=\dimen161
\pgf@xc=\dimen162
\pgf@yc=\dimen163
\pgf@xd=\dimen164
\pgf@yd=\dimen165
\w@pgf@writea=\write3
\r@pgf@reada=\read1
\c@pgf@counta=\count124
\c@pgf@countb=\count125
\c@pgf@countc=\count126
\c@pgf@countd=\count127
\t@pgf@toka=\toks34
\t@pgf@tokb=\toks35
\t@pgf@tokc=\toks36
\pgf@sys@id@count=\count128

("C:\Users\QuangMinhNguyenTran\AppData\Local\Programs\MiKTeX 2.9\tex/generic/pg
f/systemlayer\pgf.cfg"
File: pgf.cfg 2019/08/03 v3.1.4b (3.1.4b)
)
Driver file for pgf: pgfsys-pdftex.def

("C:\Users\QuangMinhNguyenTran\AppData\Local\Programs\MiKTeX 2.9\tex/generic/pg
f/systemlayer\pgfsys-pdftex.def"
File: pgfsys-pdftex.def 2019/08/03 v3.1.4b (3.1.4b)

("C:\Users\QuangMinhNguyenTran\AppData\Local\Programs\MiKTeX 2.9\tex/generic/pg
f/systemlayer\pgfsys-common-pdf.def"
File: pgfsys-common-pdf.def 2019/08/03 v3.1.4b (3.1.4b)
)))
("C:\Users\QuangMinhNguyenTran\AppData\Local\Programs\MiKTeX 2.9\tex/generic/pg
f/systemlayer\pgfsyssoftpath.code.tex"
File: pgfsyssoftpath.code.tex 2019/08/03 v3.1.4b (3.1.4b)
\pgfsyssoftpath@smallbuffer@items=\count129
\pgfsyssoftpath@bigbuffer@items=\count130
)
("C:\Users\QuangMinhNguyenTran\AppData\Local\Programs\MiKTeX 2.9\tex/generic/pg
f/systemlayer\pgfsysprotocol.code.tex"
File: pgfsysprotocol.code.tex 2019/08/03 v3.1.4b (3.1.4b)
))
("C:\Users\QuangMinhNguyenTran\AppData\Local\Programs\MiKTeX 2.9\tex/latex/xcol
or\xcolor.sty"
Package: xcolor 2016/05/11 v2.12 LaTeX color extensions (UK)

("C:\Users\QuangMinhNguyenTran\AppData\Local\Programs\MiKTeX 2.9\tex/latex/grap
hics-cfg\color.cfg"
File: color.cfg 2016/01/02 v1.6 sample color configuration
)
Package xcolor Info: Driver file: pdftex.def on input line 225.
LaTeX Info: Redefining \color on input line 709.
Package xcolor Info: Model `cmy' substituted by `cmy0' on input line 1348.
Package xcolor Info: Model `hsb' substituted by `rgb' on input line 1352.
Package xcolor Info: Model `RGB' extended on input line 1364.
Package xcolor Info: Model `HTML' substituted by `rgb' on input line 1366.
Package xcolor Info: Model `Hsb' substituted by `hsb' on input line 1367.
Package xcolor Info: Model `tHsb' substituted by `hsb' on input line 1368.
Package xcolor Info: Model `HSB' substituted by `hsb' on input line 1369.
Package xcolor Info: Model `Gray' substituted by `gray' on input line 1370.
Package xcolor Info: Model `wave' substituted by `hsb' on input line 1371.
)
("C:\Users\QuangMinhNguyenTran\AppData\Local\Programs\MiKTeX 2.9\tex/generic/pg
f/basiclayer\pgfcore.code.tex"
Package: pgfcore 2019/08/03 v3.1.4b (3.1.4b)

("C:\Users\QuangMinhNguyenTran\AppData\Local\Programs\MiKTeX 2.9\tex/generic/pg
f/math\pgfmath.code.tex"
("C:\Users\QuangMinhNguyenTran\AppData\Local\Programs\MiKTeX 2.9\tex/generic/pg
f/math\pgfmathcalc.code.tex"
("C:\Users\QuangMinhNguyenTran\AppData\Local\Programs\MiKTeX 2.9\tex/generic/pg
f/math\pgfmathutil.code.tex")
("C:\Users\QuangMinhNguyenTran\AppData\Local\Programs\MiKTeX 2.9\tex/generic/pg
f/math\pgfmathparser.code.tex"
\pgfmath@dimen=\dimen166
\pgfmath@count=\count131
\pgfmath@box=\box69
\pgfmath@toks=\toks37
\pgfmath@stack@operand=\toks38
\pgfmath@stack@operation=\toks39
)
("C:\Users\QuangMinhNguyenTran\AppData\Local\Programs\MiKTeX 2.9\tex/generic/pg
f/math\pgfmathfunctions.code.tex"
("C:\Users\QuangMinhNguyenTran\AppData\Local\Programs\MiKTeX 2.9\tex/generic/pg
f/math\pgfmathfunctions.basic.code.tex")
("C:\Users\QuangMinhNguyenTran\AppData\Local\Programs\MiKTeX 2.9\tex/generic/pg
f/math\pgfmathfunctions.trigonometric.code.tex")
("C:\Users\QuangMinhNguyenTran\AppData\Local\Programs\MiKTeX 2.9\tex/generic/pg
f/math\pgfmathfunctions.random.code.tex")
("C:\Users\QuangMinhNguyenTran\AppData\Local\Programs\MiKTeX 2.9\tex/generic/pg
f/math\pgfmathfunctions.comparison.code.tex")
("C:\Users\QuangMinhNguyenTran\AppData\Local\Programs\MiKTeX 2.9\tex/generic/pg
f/math\pgfmathfunctions.base.code.tex")
("C:\Users\QuangMinhNguyenTran\AppData\Local\Programs\MiKTeX 2.9\tex/generic/pg
f/math\pgfmathfunctions.round.code.tex")
("C:\Users\QuangMinhNguyenTran\AppData\Local\Programs\MiKTeX 2.9\tex/generic/pg
f/math\pgfmathfunctions.misc.code.tex")
("C:\Users\QuangMinhNguyenTran\AppData\Local\Programs\MiKTeX 2.9\tex/generic/pg
f/math\pgfmathfunctions.integerarithmetics.code.tex")))
("C:\Users\QuangMinhNguyenTran\AppData\Local\Programs\MiKTeX 2.9\tex/generic/pg
f/math\pgfmathfloat.code.tex"
\c@pgfmathroundto@lastzeros=\count132
))
("C:\Users\QuangMinhNguyenTran\AppData\Local\Programs\MiKTeX 2.9\tex/generic/pg
f/math\pgfint.code.tex")
("C:\Users\QuangMinhNguyenTran\AppData\Local\Programs\MiKTeX 2.9\tex/generic/pg
f/basiclayer\pgfcorepoints.code.tex"
File: pgfcorepoints.code.tex 2019/08/03 v3.1.4b (3.1.4b)
\pgf@picminx=\dimen167
\pgf@picmaxx=\dimen168
\pgf@picminy=\dimen169
\pgf@picmaxy=\dimen170
\pgf@pathminx=\dimen171
\pgf@pathmaxx=\dimen172
\pgf@pathminy=\dimen173
\pgf@pathmaxy=\dimen174
\pgf@xx=\dimen175
\pgf@xy=\dimen176
\pgf@yx=\dimen177
\pgf@yy=\dimen178
\pgf@zx=\dimen179
\pgf@zy=\dimen180
)
("C:\Users\QuangMinhNguyenTran\AppData\Local\Programs\MiKTeX 2.9\tex/generic/pg
f/basiclayer\pgfcorepathconstruct.code.tex"
File: pgfcorepathconstruct.code.tex 2019/08/03 v3.1.4b (3.1.4b)
\pgf@path@lastx=\dimen181
\pgf@path@lasty=\dimen182
)
("C:\Users\QuangMinhNguyenTran\AppData\Local\Programs\MiKTeX 2.9\tex/generic/pg
f/basiclayer\pgfcorepathusage.code.tex"
File: pgfcorepathusage.code.tex 2019/08/03 v3.1.4b (3.1.4b)
\pgf@shorten@end@additional=\dimen183
\pgf@shorten@start@additional=\dimen184
)
("C:\Users\QuangMinhNguyenTran\AppData\Local\Programs\MiKTeX 2.9\tex/generic/pg
f/basiclayer\pgfcorescopes.code.tex"
File: pgfcorescopes.code.tex 2019/08/03 v3.1.4b (3.1.4b)
\pgfpic=\box70
\pgf@hbox=\box71
\pgf@layerbox@main=\box72
\pgf@picture@serial@count=\count133
)
("C:\Users\QuangMinhNguyenTran\AppData\Local\Programs\MiKTeX 2.9\tex/generic/pg
f/basiclayer\pgfcoregraphicstate.code.tex"
File: pgfcoregraphicstate.code.tex 2019/08/03 v3.1.4b (3.1.4b)
\pgflinewidth=\dimen185
)
("C:\Users\QuangMinhNguyenTran\AppData\Local\Programs\MiKTeX 2.9\tex/generic/pg
f/basiclayer\pgfcoretransformations.code.tex"
File: pgfcoretransformations.code.tex 2019/08/03 v3.1.4b (3.1.4b)
\pgf@pt@x=\dimen186
\pgf@pt@y=\dimen187
\pgf@pt@temp=\dimen188
)
("C:\Users\QuangMinhNguyenTran\AppData\Local\Programs\MiKTeX 2.9\tex/generic/pg
f/basiclayer\pgfcorequick.code.tex"
File: pgfcorequick.code.tex 2019/08/03 v3.1.4b (3.1.4b)
)
("C:\Users\QuangMinhNguyenTran\AppData\Local\Programs\MiKTeX 2.9\tex/generic/pg
f/basiclayer\pgfcoreobjects.code.tex"
File: pgfcoreobjects.code.tex 2019/08/03 v3.1.4b (3.1.4b)
)
("C:\Users\QuangMinhNguyenTran\AppData\Local\Programs\MiKTeX 2.9\tex/generic/pg
f/basiclayer\pgfcorepathprocessing.code.tex"
File: pgfcorepathprocessing.code.tex 2019/08/03 v3.1.4b (3.1.4b)
)
("C:\Users\QuangMinhNguyenTran\AppData\Local\Programs\MiKTeX 2.9\tex/generic/pg
f/basiclayer\pgfcorearrows.code.tex"
File: pgfcorearrows.code.tex 2019/08/03 v3.1.4b (3.1.4b)
\pgfarrowsep=\dimen189
)
("C:\Users\QuangMinhNguyenTran\AppData\Local\Programs\MiKTeX 2.9\tex/generic/pg
f/basiclayer\pgfcoreshade.code.tex"
File: pgfcoreshade.code.tex 2019/08/03 v3.1.4b (3.1.4b)
\pgf@max=\dimen190
\pgf@sys@shading@range@num=\count134
\pgf@shadingcount=\count135
)
("C:\Users\QuangMinhNguyenTran\AppData\Local\Programs\MiKTeX 2.9\tex/generic/pg
f/basiclayer\pgfcoreimage.code.tex"
File: pgfcoreimage.code.tex 2019/08/03 v3.1.4b (3.1.4b)

("C:\Users\QuangMinhNguyenTran\AppData\Local\Programs\MiKTeX 2.9\tex/generic/pg
f/basiclayer\pgfcoreexternal.code.tex"
File: pgfcoreexternal.code.tex 2019/08/03 v3.1.4b (3.1.4b)
\pgfexternal@startupbox=\box73
))
("C:\Users\QuangMinhNguyenTran\AppData\Local\Programs\MiKTeX 2.9\tex/generic/pg
f/basiclayer\pgfcorelayers.code.tex"
File: pgfcorelayers.code.tex 2019/08/03 v3.1.4b (3.1.4b)
)
("C:\Users\QuangMinhNguyenTran\AppData\Local\Programs\MiKTeX 2.9\tex/generic/pg
f/basiclayer\pgfcoretransparency.code.tex"
File: pgfcoretransparency.code.tex 2019/08/03 v3.1.4b (3.1.4b)
)
("C:\Users\QuangMinhNguyenTran\AppData\Local\Programs\MiKTeX 2.9\tex/generic/pg
f/basiclayer\pgfcorepatterns.code.tex"
File: pgfcorepatterns.code.tex 2019/08/03 v3.1.4b (3.1.4b)
)
("C:\Users\QuangMinhNguyenTran\AppData\Local\Programs\MiKTeX 2.9\tex/generic/pg
f/basiclayer\pgfcorerdf.code.tex"
File: pgfcorerdf.code.tex 2019/08/03 v3.1.4b (3.1.4b)
)))
("C:\Users\QuangMinhNguyenTran\AppData\Local\Programs\MiKTeX 2.9\tex/generic/pg
f/modules\pgfmoduleshapes.code.tex"
File: pgfmoduleshapes.code.tex 2019/08/03 v3.1.4b (3.1.4b)
\pgfnodeparttextbox=\box74
)
("C:\Users\QuangMinhNguyenTran\AppData\Local\Programs\MiKTeX 2.9\tex/generic/pg
f/modules\pgfmoduleplot.code.tex"
File: pgfmoduleplot.code.tex 2019/08/03 v3.1.4b (3.1.4b)
)
("C:\Users\QuangMinhNguyenTran\AppData\Local\Programs\MiKTeX 2.9\tex/latex/pgf/
compatibility\pgfcomp-version-0-65.sty"
Package: pgfcomp-version-0-65 2019/08/03 v3.1.4b (3.1.4b)
\pgf@nodesepstart=\dimen191
\pgf@nodesepend=\dimen192
)
("C:\Users\QuangMinhNguyenTran\AppData\Local\Programs\MiKTeX 2.9\tex/latex/pgf/
compatibility\pgfcomp-version-1-18.sty"
Package: pgfcomp-version-1-18 2019/08/03 v3.1.4b (3.1.4b)
))
("C:\Users\QuangMinhNguyenTran\AppData\Local\Programs\MiKTeX 2.9\tex/latex/pgf/
utilities\pgffor.sty"
("C:\Users\QuangMinhNguyenTran\AppData\Local\Programs\MiKTeX 2.9\tex/latex/pgf/
utilities\pgfkeys.sty"
("C:\Users\QuangMinhNguyenTran\AppData\Local\Programs\MiKTeX 2.9\tex/generic/pg
f/utilities\pgfkeys.code.tex"))
("C:\Users\QuangMinhNguyenTran\AppData\Local\Programs\MiKTeX 2.9\tex/latex/pgf/
math\pgfmath.sty"
("C:\Users\QuangMinhNguyenTran\AppData\Local\Programs\MiKTeX 2.9\tex/generic/pg
f/math\pgfmath.code.tex"))
("C:\Users\QuangMinhNguyenTran\AppData\Local\Programs\MiKTeX 2.9\tex/generic/pg
f/utilities\pgffor.code.tex"
Package: pgffor 2019/08/03 v3.1.4b (3.1.4b)

("C:\Users\QuangMinhNguyenTran\AppData\Local\Programs\MiKTeX 2.9\tex/generic/pg
f/math\pgfmath.code.tex")
\pgffor@iter=\dimen193
\pgffor@skip=\dimen194
\pgffor@stack=\toks40
\pgffor@toks=\toks41
))
("C:\Users\QuangMinhNguyenTran\AppData\Local\Programs\MiKTeX 2.9\tex/generic/pg
f/frontendlayer/tikz\tikz.code.tex"
Package: tikz 2019/08/03 v3.1.4b (3.1.4b)

("C:\Users\QuangMinhNguyenTran\AppData\Local\Programs\MiKTeX 2.9\tex/generic/pg
f/libraries\pgflibraryplothandlers.code.tex"
File: pgflibraryplothandlers.code.tex 2019/08/03 v3.1.4b (3.1.4b)
\pgf@plot@mark@count=\count136
\pgfplotmarksize=\dimen195
)
\tikz@lastx=\dimen196
\tikz@lasty=\dimen197
\tikz@lastxsaved=\dimen198
\tikz@lastysaved=\dimen199
\tikz@lastmovetox=\dimen256
\tikz@lastmovetoy=\dimen257
\tikzleveldistance=\dimen258
\tikzsiblingdistance=\dimen259
\tikz@figbox=\box75
\tikz@figbox@bg=\box76
\tikz@tempbox=\box77
\tikz@tempbox@bg=\box78
\tikztreelevel=\count137
\tikznumberofchildren=\count138
\tikznumberofcurrentchild=\count139
\tikz@fig@count=\count140

("C:\Users\QuangMinhNguyenTran\AppData\Local\Programs\MiKTeX 2.9\tex/generic/pg
f/modules\pgfmodulematrix.code.tex"
File: pgfmodulematrix.code.tex 2019/08/03 v3.1.4b (3.1.4b)
\pgfmatrixcurrentrow=\count141
\pgfmatrixcurrentcolumn=\count142
\pgf@matrix@numberofcolumns=\count143
)
\tikz@expandcount=\count144

("C:\Users\QuangMinhNguyenTran\AppData\Local\Programs\MiKTeX 2.9\tex/generic/pg
f/frontendlayer/tikz/libraries\tikzlibrarytopaths.code.tex"
File: tikzlibrarytopaths.code.tex 2019/08/03 v3.1.4b (3.1.4b)
)))
("C:\Users\QuangMinhNguyenTran\AppData\Local\Programs\MiKTeX 2.9\tex/generic/pg
f/frontendlayer/tikz/libraries\tikzlibraryarrows.code.tex"
File: tikzlibraryarrows.code.tex 2019/08/03 v3.1.4b (3.1.4b)

("C:\Users\QuangMinhNguyenTran\AppData\Local\Programs\MiKTeX 2.9\tex/generic/pg
f/libraries\pgflibraryarrows.code.tex"
File: pgflibraryarrows.code.tex 2019/08/03 v3.1.4b (3.1.4b)
\arrowsize=\dimen260
))
("C:\Users\QuangMinhNguyenTran\AppData\Local\Programs\MiKTeX 2.9\tex/generic/pg
f/frontendlayer/tikz/libraries\tikzlibrarysnakes.code.tex"
File: tikzlibrarysnakes.code.tex 2019/08/03 v3.1.4b (3.1.4b)


Package pgf Warning: Snakes have been superseded by decorations. Please use the
 decoration libraries instead of the snakes library on input line 14.


("C:\Users\QuangMinhNguyenTran\AppData\Local\Programs\MiKTeX 2.9\tex/generic/pg
f/frontendlayer/tikz/libraries\tikzlibrarydecorations.pathmorphing.code.tex"
("C:\Users\QuangMinhNguyenTran\AppData\Local\Programs\MiKTeX 2.9\tex/generic/pg
f/frontendlayer/tikz/libraries\tikzlibrarydecorations.code.tex"
("C:\Users\QuangMinhNguyenTran\AppData\Local\Programs\MiKTeX 2.9\tex/generic/pg
f/modules\pgfmoduledecorations.code.tex"
\pgfdecoratedcompleteddistance=\dimen261
\pgfdecoratedremainingdistance=\dimen262
\pgfdecoratedinputsegmentcompleteddistance=\dimen263
\pgfdecoratedinputsegmentremainingdistance=\dimen264
\pgf@decorate@distancetomove=\dimen265
\pgf@decorate@repeatstate=\count145
\pgfdecorationsegmentamplitude=\dimen266
\pgfdecorationsegmentlength=\dimen267
)
\tikz@lib@dec@box=\box79
)
("C:\Users\QuangMinhNguyenTran\AppData\Local\Programs\MiKTeX 2.9\tex/generic/pg
f/libraries/decorations\pgflibrarydecorations.pathmorphing.code.tex"))
("C:\Users\QuangMinhNguyenTran\AppData\Local\Programs\MiKTeX 2.9\tex/generic/pg
f/frontendlayer/tikz/libraries\tikzlibrarydecorations.pathreplacing.code.tex"
("C:\Users\QuangMinhNguyenTran\AppData\Local\Programs\MiKTeX 2.9\tex/generic/pg
f/libraries/decorations\pgflibrarydecorations.pathreplacing.code.tex"))
("C:\Users\QuangMinhNguyenTran\AppData\Local\Programs\MiKTeX 2.9\tex/generic/pg
f/frontendlayer/tikz/libraries\tikzlibrarydecorations.shapes.code.tex"
("C:\Users\QuangMinhNguyenTran\AppData\Local\Programs\MiKTeX 2.9\tex/generic/pg
f/libraries/decorations\pgflibrarydecorations.shapes.code.tex")))
("C:\Users\QuangMinhNguyenTran\AppData\Local\Programs\MiKTeX 2.9\tex/generic/pg
f/frontendlayer/tikz/libraries\tikzlibrarybackgrounds.code.tex"
File: tikzlibrarybackgrounds.code.tex 2019/08/03 v3.1.4b (3.1.4b)
\pgf@layerbox@background=\box80
\pgf@layerboxsaved@background=\box81
)
("C:\Users\QuangMinhNguyenTran\AppData\Local\Programs\MiKTeX 2.9\tex/latex/hype
rref\hyperref.sty"
Package: hyperref 2019/11/10 v7.00c Hypertext links for LaTeX

("C:\Users\QuangMinhNguyenTran\AppData\Local\Programs\MiKTeX 2.9\tex/generic/ob
erdiek\ltxcmds.sty"
Package: ltxcmds 2016/05/16 v1.23 LaTeX kernel commands for general use (HO)
)
("C:\Users\QuangMinhNguyenTran\AppData\Local\Programs\MiKTeX 2.9\tex/latex/pdft
excmds\pdftexcmds.sty"
Package: pdftexcmds 2019/11/24 v0.31 Utility functions of pdfTeX for LuaTeX (HO
)

("C:\Users\QuangMinhNguyenTran\AppData\Local\Programs\MiKTeX 2.9\tex/generic/in
fwarerr\infwarerr.sty"
Package: infwarerr 2019/12/03 v1.5 Providing info/warning/error messages (HO)
)
Package pdftexcmds Info: \pdf@primitive is available.
Package pdftexcmds Info: \pdf@ifprimitive is available.
Package pdftexcmds Info: \pdfdraftmode found.
)
("C:\Users\QuangMinhNguyenTran\AppData\Local\Programs\MiKTeX 2.9\tex/generic/ob
erdiek\kvsetkeys.sty"
Package: kvsetkeys 2016/05/16 v1.17 Key value parser (HO)

("C:\Users\QuangMinhNguyenTran\AppData\Local\Programs\MiKTeX 2.9\tex/generic/ob
erdiek\etexcmds.sty"
Package: etexcmds 2016/05/16 v1.6 Avoid name clashes with e-TeX commands (HO)

("C:\Users\QuangMinhNguyenTran\AppData\Local\Programs\MiKTeX 2.9\tex/generic/if
tex\ifluatex.sty"
Package: ifluatex 2019/10/25 v1.5 ifluatex legacy package. Use iftex instead.
)))
("C:\Users\QuangMinhNguyenTran\AppData\Local\Programs\MiKTeX 2.9\tex/generic/ob
erdiek\kvdefinekeys.sty"
Package: kvdefinekeys 2016/05/16 v1.4 Define keys (HO)
)
("C:\Users\QuangMinhNguyenTran\AppData\Local\Programs\MiKTeX 2.9\tex/generic/ob
erdiek\pdfescape.sty"
Package: pdfescape 2016/05/16 v1.14 Implements pdfTeX's escape features (HO)
)
("C:\Users\QuangMinhNguyenTran\AppData\Local\Programs\MiKTeX 2.9\tex/latex/ober
diek\hycolor.sty"
Package: hycolor 2016/05/16 v1.8 Color options for hyperref/bookmark (HO)

("C:\Users\QuangMinhNguyenTran\AppData\Local\Programs\MiKTeX 2.9\tex/latex/ober
diek\xcolor-patch.sty"
Package: xcolor-patch 2016/05/16 xcolor patch

("C:\Users\QuangMinhNguyenTran\AppData\Local\Programs\MiKTeX 2.9\tex/latex/ober
diek\hopatch.sty"
Package: hopatch 2016/05/16 v1.3 Wrapper for package hooks (HO)
)))
("C:\Users\QuangMinhNguyenTran\AppData\Local\Programs\MiKTeX 2.9\tex/latex/letl
txmacro\letltxmacro.sty"
Package: letltxmacro 2019/12/03 v1.6 Let assignment for LaTeX macros (HO)
)
("C:\Users\QuangMinhNguyenTran\AppData\Local\Programs\MiKTeX 2.9\tex/latex/ober
diek\auxhook.sty"
Package: auxhook 2016/05/16 v1.4 Hooks for auxiliary files (HO)
)
("C:\Users\QuangMinhNguyenTran\AppData\Local\Programs\MiKTeX 2.9\tex/latex/kvop
tions\kvoptions.sty"
Package: kvoptions 2019/11/29 v3.13 Key value format for package options (HO)
)
\@linkdim=\dimen268
\Hy@linkcounter=\count146
\Hy@pagecounter=\count147

("C:\Users\QuangMinhNguyenTran\AppData\Local\Programs\MiKTeX 2.9\tex/latex/hype
rref\pd1enc.def"
File: pd1enc.def 2019/11/10 v7.00c Hyperref: PDFDocEncoding definition (HO)
Now handling font encoding PD1 ...
... no UTF-8 mapping file for font encoding PD1
)
("C:\Users\QuangMinhNguyenTran\AppData\Local\Programs\MiKTeX 2.9\tex/generic/ob
erdiek\intcalc.sty"
Package: intcalc 2016/05/16 v1.2 Expandable calculations with integers (HO)
)
\Hy@SavedSpaceFactor=\count148

("C:\Users\QuangMinhNguyenTran\AppData\Local\Programs\MiKTeX 2.9\tex/latex/00mi
ktex\hyperref.cfg"
File: hyperref.cfg 2002/06/06 v1.2 hyperref configuration of TeXLive
)
Package hyperref Info: Hyper figures OFF on input line 4535.
Package hyperref Info: Link nesting OFF on input line 4540.
Package hyperref Info: Hyper index ON on input line 4543.
Package hyperref Info: Plain pages OFF on input line 4550.
Package hyperref Info: Backreferencing OFF on input line 4555.
Package hyperref Info: Implicit mode ON; LaTeX internals redefined.
Package hyperref Info: Bookmarks ON on input line 4788.
\c@Hy@tempcnt=\count149

("C:\Users\QuangMinhNguyenTran\AppData\Local\Programs\MiKTeX 2.9\tex/latex/url\
url.sty"
\Urlmuskip=\muskip11
Package: url 2013/09/16  ver 3.4  Verb mode for urls, etc.
)
LaTeX Info: Redefining \url on input line 5147.
\XeTeXLinkMargin=\dimen269

("C:\Users\QuangMinhNguyenTran\AppData\Local\Programs\MiKTeX 2.9\tex/generic/ob
erdiek\bitset.sty"
Package: bitset 2016/05/16 v1.2 Handle bit-vector datatype (HO)

("C:\Users\QuangMinhNguyenTran\AppData\Local\Programs\MiKTeX 2.9\tex/generic/ob
erdiek\bigintcalc.sty"
Package: bigintcalc 2016/05/16 v1.4 Expandable calculations on big integers (HO
)
))
\Fld@menulength=\count150
\Field@Width=\dimen270
\Fld@charsize=\dimen271
Package hyperref Info: Hyper figures OFF on input line 6418.
Package hyperref Info: Link nesting OFF on input line 6423.
Package hyperref Info: Hyper index ON on input line 6426.
Package hyperref Info: backreferencing OFF on input line 6433.
Package hyperref Info: Link coloring OFF on input line 6438.
Package hyperref Info: Link coloring with OCG OFF on input line 6443.
Package hyperref Info: PDF/A mode OFF on input line 6448.
LaTeX Info: Redefining \ref on input line 6488.
LaTeX Info: Redefining \pageref on input line 6492.

("C:\Users\QuangMinhNguyenTran\AppData\Local\Programs\MiKTeX 2.9\tex/generic/ob
erdiek\atbegshi.sty"
Package: atbegshi 2016/06/09 v1.18 At begin shipout hook (HO)
)
\Hy@abspage=\count151
\c@Item=\count152
\c@Hfootnote=\count153
)
Package hyperref Info: Driver (autodetected): hpdftex.

("C:\Users\QuangMinhNguyenTran\AppData\Local\Programs\MiKTeX 2.9\tex/latex/hype
rref\hpdftex.def"
File: hpdftex.def 2019/11/10 v7.00c Hyperref driver for pdfTeX

("C:\Users\QuangMinhNguyenTran\AppData\Local\Programs\MiKTeX 2.9\tex/latex/ober
diek\atveryend.sty"
Package: atveryend 2016/05/16 v1.9 Hooks at the very end of document (HO)
Package atveryend Info: \enddocument detected (standard20110627).
)
\Fld@listcount=\count154
\c@bookmark@seq@number=\count155

("C:\Users\QuangMinhNguyenTran\AppData\Local\Programs\MiKTeX 2.9\tex/latex/ober
diek\rerunfilecheck.sty"
Package: rerunfilecheck 2016/05/16 v1.8 Rerun checks for auxiliary files (HO)

("C:\Users\QuangMinhNguyenTran\AppData\Local\Programs\MiKTeX 2.9\tex/generic/ob
erdiek\uniquecounter.sty"
Package: uniquecounter 2016/05/16 v1.3 Provide unlimited unique counter (HO)
)
Package uniquecounter Info: New unique counter `rerunfilecheck' on input line 2
86.
)
\Hy@SectionHShift=\skip82
)
Package hyperref Info: Option `colorlinks' set `true' on input line 31.
\c@theorem=\count156
\c@property=\count157
\c@proposition=\count158
\c@subsubsubsection=\count159
 (BaoCDoAn.aux)
\openout1 = `BaoCDoAn.aux'.

LaTeX Font Info:    Checking defaults for OML/cmm/m/it on input line 85.
LaTeX Font Info:    ... okay on input line 85.
LaTeX Font Info:    Checking defaults for T1/cmr/m/n on input line 85.
LaTeX Font Info:    ... okay on input line 85.
LaTeX Font Info:    Checking defaults for OT1/cmr/m/n on input line 85.
LaTeX Font Info:    ... okay on input line 85.
LaTeX Font Info:    Checking defaults for OMS/cmsy/m/n on input line 85.
LaTeX Font Info:    ... okay on input line 85.
LaTeX Font Info:    Checking defaults for OMX/cmex/m/n on input line 85.
LaTeX Font Info:    ... okay on input line 85.
LaTeX Font Info:    Checking defaults for U/cmr/m/n on input line 85.
LaTeX Font Info:    ... okay on input line 85.
LaTeX Font Info:    Checking defaults for T5/cmr/m/n on input line 85.
LaTeX Font Info:    ... okay on input line 85.
LaTeX Font Info:    Checking defaults for PD1/pdf/m/n on input line 85.
LaTeX Font Info:    ... okay on input line 85.

("C:\Users\QuangMinhNguyenTran\AppData\Local\Programs\MiKTeX 2.9\tex/context/ba
se/mkii\supp-pdf.mkii"
[Loading MPS to PDF converter (version 2006.09.02).]
\scratchcounter=\count160
\scratchdimen=\dimen272
\scratchbox=\box82
\nofMPsegments=\count161
\nofMParguments=\count162
\everyMPshowfont=\toks42
\MPscratchCnt=\count163
\MPscratchDim=\dimen273
\MPnumerator=\count164
\makeMPintoPDFobject=\count165
\everyMPtoPDFconversion=\toks43
)
("C:\Users\QuangMinhNguyenTran\AppData\Local\Programs\MiKTeX 2.9\tex/latex/epst
opdf-pkg\epstopdf-base.sty"
Package: epstopdf-base 2019-11-30 v2.9 Base part for package epstopdf
Package epstopdf-base Info: Redefining graphics rule for `.eps' on input line 4
85.
)
Package lastpage Info: Please have a look at the pageslts package at
(lastpage)             https://www.ctan.org/pkg/pageslts
(lastpage)             ! on input line 85.
Package caption Info: Begin \AtBeginDocument code.
Package caption Info: hyperref package is loaded.
Package caption Info: rotating package is loaded.
Package caption Info: End \AtBeginDocument code.

*geometry* driver: auto-detecting
*geometry* detected driver: pdftex
*geometry* verbose mode - [ preamble ] result:
* driver: pdftex
* paper: a4paper
* layout: <same size as paper>
* layoutoffset:(h,v)=(0.0pt,0.0pt)
* modes: 
* h-part:(L,W,R)=(89.62709pt, 418.25368pt, 89.6271pt)
* v-part:(T,H,B)=(101.40665pt, 591.5302pt, 152.11pt)
* \paperwidth=597.50787pt
* \paperheight=845.04684pt
* \textwidth=418.25368pt
* \textheight=591.5302pt
* \oddsidemargin=17.3571pt
* \evensidemargin=17.3571pt
* \topmargin=-7.86334pt
* \headheight=40.0pt
* \headsep=25.0pt
* \topskip=10.0pt
* \footskip=30.0pt
* \marginparwidth=54.2025pt
* \marginparsep=11.0pt
* \columnsep=10.0pt
* \skip\footins=9.0pt plus 4.0pt minus 2.0pt
* \hoffset=0.0pt
* \voffset=0.0pt
* \mag=1000
* \@twocolumnfalse
* \@twosidefalse
* \@mparswitchfalse
* \@reversemarginfalse
* (1in=72.27pt=25.4mm, 1cm=28.453pt)

ABD: EveryShipout initializing macros
\AtBeginShipoutBox=\box83
Package hyperref Info: Link coloring ON on input line 85.

("C:\Users\QuangMinhNguyenTran\AppData\Local\Programs\MiKTeX 2.9\tex/latex/hype
rref\nameref.sty"
Package: nameref 2019/09/16 v2.46 Cross-referencing by name of section

("C:\Users\QuangMinhNguyenTran\AppData\Local\Programs\MiKTeX 2.9\tex/latex/ober
diek\refcount.sty"
Package: refcount 2016/05/16 v3.5 Data extraction from label references (HO)
)
("C:\Users\QuangMinhNguyenTran\AppData\Local\Programs\MiKTeX 2.9\tex/generic/ob
erdiek\gettitlestring.sty"
Package: gettitlestring 2016/05/16 v1.5 Cleanup title references (HO)
)
\c@section@level=\count166
)
LaTeX Info: Redefining \ref on input line 85.
LaTeX Info: Redefining \pageref on input line 85.
LaTeX Info: Redefining \nameref on input line 85.
 (BaoCDoAn.out) (BaoCDoAn.out)
\@outlinefile=\write4
\openout4 = `BaoCDoAn.out'.

<hcmut.png, id=158, 272.01625pt x 277.035pt>
File: hcmut.png Graphic file (type png)
<use hcmut.png>
Package pdftex.def Info: hcmut.png  used on input line 98.
(pdftex.def)             Requested size: 85.35826pt x 86.93253pt.
LaTeX Font Info:    Trying to load font information for U+msa on input line 106
.

("C:\Users\QuangMinhNguyenTran\AppData\Local\Programs\MiKTeX 2.9\tex/latex/amsf
onts\umsa.fd"
File: umsa.fd 2013/01/14 v3.01 AMS symbols A
)
LaTeX Font Info:    Trying to load font information for U+msb on input line 106
.

("C:\Users\QuangMinhNguyenTran\AppData\Local\Programs\MiKTeX 2.9\tex/latex/amsf
onts\umsb.fd"
File: umsb.fd 2013/01/14 v3.01 AMS symbols B
)
LaTeX Font Info:    Trying to load font information for U+lasy on input line 10
6.

("C:\Users\QuangMinhNguyenTran\AppData\Local\Programs\MiKTeX 2.9\tex/latex/base
\ulasy.fd"
File: ulasy.fd 1998/08/17 v2.2e LaTeX symbol font definitions
) [1

{C:/Users/QuangMinhNguyenTran/AppData/Local/MiKTeX/2.9/pdftex/config/pdftex.map
} <./hcmut.png>]
File: hcmut.png Graphic file (type png)
<use hcmut.png>
Package pdftex.def Info: hcmut.png  used on input line 146.
(pdftex.def)             Requested size: 22.76204pt x 22.75928pt.
LaTeX Font Info:    Trying to load font information for T5+cmtt on input line 1
46.

("C:\Users\QuangMinhNguyenTran\AppData\Local\Programs\MiKTeX 2.9\tex/latex/vnte
x\t5cmtt.fd"
File: t5cmtt.fd 1999/05/25 v2.5h Standard LaTeX font definitions
)
LaTeX Font Info:    Font shape `T5/cmtt/bx/n' in size <10> not available
(Font)              Font shape `T5/cmtt/m/n' tried instead on input line 146.
pdfTeX warning (ext4): destination with the same identifier (name{page.1}) has 
been already used, duplicate ignored
<to be read again> 
                   \relax 
l.146 \newpage
               [1]

Package hyperref Warning: Composite letter `\textasciigrave+\ohorn'
(hyperref)                not defined in PD1 encoding,
(hyperref)                removing `\textasciigrave' on input line 148.


Package hyperref Warning: Glyph not defined in PD1 encoding,
(hyperref)                removing `\ohorn' on input line 148.


Package hyperref Warning: Glyph not defined in PD1 encoding,
(hyperref)                removing `\h' on input line 148.


Package hyperref Warning: Glyph not defined in PD1 encoding,
(hyperref)                removing `\ohorn' on input line 148.

File: hcmut.png Graphic file (type png)
<use hcmut.png>
Package pdftex.def Info: hcmut.png  used on input line 162.
(pdftex.def)             Requested size: 22.76204pt x 22.75928pt.
[2]

Package hyperref Warning: Composite letter `\textacute+\abreve'
(hyperref)                not defined in PD1 encoding,
(hyperref)                removing `\textacute' on input line 164.


Package hyperref Warning: Glyph not defined in PD1 encoding,
(hyperref)                removing `\abreve' on input line 164.


Package hyperref Warning: Glyph not defined in PD1 encoding,
(hyperref)                removing `\dj' on input line 164.


Package hyperref Warning: Composite letter `\textasciigrave+\ocircumflex'
(hyperref)                not defined in PD1 encoding,
(hyperref)                removing `\textasciigrave' on input line 164.


Package hyperref Warning: Glyph not defined in PD1 encoding,
(hyperref)                removing `\ocircumflex' on input line 164.

File: hcmut.png Graphic file (type png)
<use hcmut.png>
Package pdftex.def Info: hcmut.png  used on input line 172.
(pdftex.def)             Requested size: 22.76204pt x 22.75928pt.
[3]

Package hyperref Warning: Composite letter `\textdotbelow+u'
(hyperref)                not defined in PD1 encoding,
(hyperref)                removing `\textdotbelow' on input line 173.


Package hyperref Warning: Composite letter `\textdotbelow+u'
(hyperref)                not defined in PD1 encoding,
(hyperref)                removing `\textdotbelow' on input line 173.

(BaoCDoAn.toc
File: hcmut.png Graphic file (type png)
<use hcmut.png>
Package pdftex.def Info: hcmut.png  used on input line 38.
(pdftex.def)             Requested size: 22.76204pt x 22.75928pt.
 [4])
\tf@toc=\write5
\openout5 = `BaoCDoAn.toc'.

File: hcmut.png Graphic file (type png)
<use hcmut.png>
Package pdftex.def Info: hcmut.png  used on input line 174.
(pdftex.def)             Requested size: 22.76204pt x 22.75928pt.
 [5]

Package hyperref Warning: Composite letter `\texttilde+e'
(hyperref)                not defined in PD1 encoding,
(hyperref)                removing `\texttilde' on input line 175.

(BaoCDoAn.lof)
\tf@lof=\write6
\openout6 = `BaoCDoAn.lof'.

File: hcmut.png Graphic file (type png)
<use hcmut.png>
Package pdftex.def Info: hcmut.png  used on input line 176.
(pdftex.def)             Requested size: 22.76204pt x 22.75928pt.
 [6]

Package hyperref Warning: Composite letter `\textacute+\ohorn'
(hyperref)                not defined in PD1 encoding,
(hyperref)                removing `\textacute' on input line 181.


Package hyperref Warning: Glyph not defined in PD1 encoding,
(hyperref)                removing `\ohorn' on input line 181.


Package hyperref Warning: Composite letter `\textdotbelow+\ecircumflex'
(hyperref)                not defined in PD1 encoding,
(hyperref)                removing `\textdotbelow' on input line 181.


Package hyperref Warning: Glyph not defined in PD1 encoding,
(hyperref)                removing `\ecircumflex' on input line 181.


Package hyperref Warning: Glyph not defined in PD1 encoding,
(hyperref)                removing `\dj' on input line 181.


Package hyperref Warning: Composite letter `\textasciigrave+\ecircumflex'
(hyperref)                not defined in PD1 encoding,
(hyperref)                removing `\textasciigrave' on input line 181.


Package hyperref Warning: Glyph not defined in PD1 encoding,
(hyperref)                removing `\ecircumflex' on input line 181.


Package hyperref Warning: Glyph not defined in PD1 encoding,
(hyperref)                removing `\dj' on input line 182.


Package hyperref Warning: Composite letter `\textasciigrave+\ecircumflex'
(hyperref)                not defined in PD1 encoding,
(hyperref)                removing `\textasciigrave' on input line 182.


Package hyperref Warning: Glyph not defined in PD1 encoding,
(hyperref)                removing `\ecircumflex' on input line 182.


Package hyperref Warning: Composite letter `\textdotbelow+\ecircumflex'
(hyperref)                not defined in PD1 encoding,
(hyperref)                removing `\textdotbelow' on input line 186.


Package hyperref Warning: Glyph not defined in PD1 encoding,
(hyperref)                removing `\ecircumflex' on input line 186.


Package hyperref Warning: Composite letter `\textdotbelow+u'
(hyperref)                not defined in PD1 encoding,
(hyperref)                removing `\textdotbelow' on input line 186.


Package hyperref Warning: Glyph not defined in PD1 encoding,
(hyperref)                removing `\dj' on input line 186.


Package hyperref Warning: Composite letter `\textasciigrave+\ecircumflex'
(hyperref)                not defined in PD1 encoding,
(hyperref)                removing `\textasciigrave' on input line 186.


Package hyperref Warning: Glyph not defined in PD1 encoding,
(hyperref)                removing `\ecircumflex' on input line 186.


Package hyperref Warning: Composite letter `\texttilde+\i'
(hyperref)                not defined in PD1 encoding,
(hyperref)                removing `\texttilde' on input line 192.


Package hyperref Warning: Composite letter `\textdotbelow+\uhorn'
(hyperref)                not defined in PD1 encoding,
(hyperref)                removing `\textdotbelow' on input line 192.


Package hyperref Warning: Glyph not defined in PD1 encoding,
(hyperref)                removing `\uhorn' on input line 192.


Package hyperref Warning: Composite letter `\texttilde+\ecircumflex'
(hyperref)                not defined in PD1 encoding,
(hyperref)                removing `\texttilde' on input line 192.


Package hyperref Warning: Glyph not defined in PD1 encoding,
(hyperref)                removing `\ecircumflex' on input line 192.


Package hyperref Warning: Composite letter `\textacute+\acircumflex'
(hyperref)                not defined in PD1 encoding,
(hyperref)                removing `\textacute' on input line 196.


Package hyperref Warning: Glyph not defined in PD1 encoding,
(hyperref)                removing `\acircumflex' on input line 196.


Package hyperref Warning: Glyph not defined in PD1 encoding,
(hyperref)                removing `\dj' on input line 196.


Package hyperref Warning: Composite letter `\textasciigrave+\ocircumflex'
(hyperref)                not defined in PD1 encoding,
(hyperref)                removing `\textasciigrave' on input line 196.


Package hyperref Warning: Glyph not defined in PD1 encoding,
(hyperref)                removing `\ocircumflex' on input line 196.


Package hyperref Warning: Composite letter `\textdotbelow+a'
(hyperref)                not defined in PD1 encoding,
(hyperref)                removing `\textdotbelow' on input line 220.


Package hyperref Warning: Glyph not defined in PD1 encoding,
(hyperref)                removing `\dj' on input line 220.


Package hyperref Warning: Composite letter `\textdotbelow+\ocircumflex'
(hyperref)                not defined in PD1 encoding,
(hyperref)                removing `\textdotbelow' on input line 220.


Package hyperref Warning: Glyph not defined in PD1 encoding,
(hyperref)                removing `\ocircumflex' on input line 220.


Package hyperref Warning: Glyph not defined in PD1 encoding,
(hyperref)                removing `\ohorn' on input line 220.


Package hyperref Warning: Glyph not defined in PD1 encoding,
(hyperref)                removing `\h' on input line 220.


Package hyperref Warning: Glyph not defined in PD1 encoding,
(hyperref)                removing `\h' on input line 220.


Package hyperref Warning: Composite letter `\textdotbelow+\ecircumflex'
(hyperref)                not defined in PD1 encoding,
(hyperref)                removing `\textdotbelow' on input line 220.


Package hyperref Warning: Glyph not defined in PD1 encoding,
(hyperref)                removing `\ecircumflex' on input line 220.


Package hyperref Warning: Composite letter `\textacute+\ocircumflex'
(hyperref)                not defined in PD1 encoding,
(hyperref)                removing `\textacute' on input line 220.


Package hyperref Warning: Glyph not defined in PD1 encoding,
(hyperref)                removing `\ocircumflex' on input line 220.

<pic1.png, id=276, 797.98125pt x 791.95876pt>
File: pic1.png Graphic file (type png)
<use pic1.png>
Package pdftex.def Info: pic1.png  used on input line 225.
(pdftex.def)             Requested size: 341.43306pt x 338.85591pt.
File: hcmut.png Graphic file (type png)
<use hcmut.png>
Package pdftex.def Info: hcmut.png  used on input line 229.
(pdftex.def)             Requested size: 22.76204pt x 22.75928pt.
[7]

Package hyperref Warning: Composite letter `\textasciigrave+\acircumflex'
(hyperref)                not defined in PD1 encoding,
(hyperref)                removing `\textasciigrave' on input line 232.


Package hyperref Warning: Glyph not defined in PD1 encoding,
(hyperref)                removing `\acircumflex' on input line 232.


Package hyperref Warning: Composite letter `\textacute+\uhorn'
(hyperref)                not defined in PD1 encoding,
(hyperref)                removing `\textacute' on input line 232.


Package hyperref Warning: Glyph not defined in PD1 encoding,
(hyperref)                removing `\uhorn' on input line 232.


Package hyperref Warning: Glyph not defined in PD1 encoding,
(hyperref)                removing `\dj' on input line 232.


Package hyperref Warning: Glyph not defined in PD1 encoding,
(hyperref)                removing `\h' on input line 232.


Package hyperref Warning: Glyph not defined in PD1 encoding,
(hyperref)                removing `\uhorn' on input line 232.


Package hyperref Warning: Composite letter `\textdotbelow+u'
(hyperref)                not defined in PD1 encoding,
(hyperref)                removing `\textdotbelow' on input line 232.


Package hyperref Warning: Composite letter `\textdotbelow+\ecircumflex'
(hyperref)                not defined in PD1 encoding,
(hyperref)                removing `\textdotbelow' on input line 233.


Package hyperref Warning: Glyph not defined in PD1 encoding,
(hyperref)                removing `\ecircumflex' on input line 233.

<pic3.jpg, id=290, 963.6pt x 722.7pt>
File: pic3.jpg Graphic file (type jpg)
<use pic3.jpg>
Package pdftex.def Info: pic3.jpg  used on input line 239.
(pdftex.def)             Requested size: 341.43306pt x 256.06956pt.
File: hcmut.png Graphic file (type png)
<use hcmut.png>
Package pdftex.def Info: hcmut.png  used on input line 243.
(pdftex.def)             Requested size: 22.76204pt x 22.75928pt.
[8 <./pic1.png>]
<pic10.png, id=296, 235.63031pt x 249.93375pt>
File: pic10.png Graphic file (type png)
<use pic10.png>
Package pdftex.def Info: pic10.png  used on input line 248.
(pdftex.def)             Requested size: 142.26378pt x 150.89957pt.


Package hyperref Warning: Glyph not defined in PD1 encoding,
(hyperref)                removing `\dj' on input line 253.


Package hyperref Warning: Composite letter `\textdotbelow+a'
(hyperref)                not defined in PD1 encoding,
(hyperref)                removing `\textdotbelow' on input line 253.

<pic4.jpg, id=297, 963.6pt x 722.7pt>
File: pic4.jpg Graphic file (type jpg)
<use pic4.jpg>
Package pdftex.def Info: pic4.jpg  used on input line 258.
(pdftex.def)             Requested size: 142.26378pt x 106.69106pt.
File: hcmut.png Graphic file (type png)
<use hcmut.png>
Package pdftex.def Info: hcmut.png  used on input line 262.
(pdftex.def)             Requested size: 22.76204pt x 22.75928pt.
[9 <./pic3.jpg> <./pic10.png>]

Package hyperref Warning: Composite letter `\textdotbelow+\ocircumflex'
(hyperref)                not defined in PD1 encoding,
(hyperref)                removing `\textdotbelow' on input line 263.


Package hyperref Warning: Glyph not defined in PD1 encoding,
(hyperref)                removing `\ocircumflex' on input line 263.


Package hyperref Warning: Glyph not defined in PD1 encoding,
(hyperref)                removing `\h' on input line 263.

<pic5.jpg, id=304, 963.6pt x 722.7pt>
File: pic5.jpg Graphic file (type jpg)
<use pic5.jpg>
Package pdftex.def Info: pic5.jpg  used on input line 268.
(pdftex.def)             Requested size: 142.26378pt x 106.69106pt.

Package hyperref Warning: Composite letter `\textdotbelow+a'
(hyperref)                not defined in PD1 encoding,
(hyperref)                removing `\textdotbelow' on input line 272.


Package hyperref Warning: Composite letter `\textacute+\ecircumflex'
(hyperref)                not defined in PD1 encoding,
(hyperref)                removing `\textacute' on input line 272.


Package hyperref Warning: Glyph not defined in PD1 encoding,
(hyperref)                removing `\ecircumflex' on input line 272.


Package hyperref Warning: Composite letter `\textacute+\ocircumflex'
(hyperref)                not defined in PD1 encoding,
(hyperref)                removing `\textacute' on input line 272.


Package hyperref Warning: Glyph not defined in PD1 encoding,
(hyperref)                removing `\ocircumflex' on input line 272.

<pic2.png, id=305, 423.83344pt x 271.76532pt>
File: pic2.png Graphic file (type png)
<use pic2.png>
Package pdftex.def Info: pic2.png  used on input line 279.
(pdftex.def)             Requested size: 341.43306pt x 218.93857pt.
File: hcmut.png Graphic file (type png)
<use hcmut.png>
Package pdftex.def Info: hcmut.png  used on input line 283.
(pdftex.def)             Requested size: 22.76204pt x 22.75928pt.
[10 <./pic4.jpg> <./pic5.jpg>]

Package hyperref Warning: Composite letter `\textasciigrave+\acircumflex'
(hyperref)                not defined in PD1 encoding,
(hyperref)                removing `\textasciigrave' on input line 283.


Package hyperref Warning: Glyph not defined in PD1 encoding,
(hyperref)                removing `\acircumflex' on input line 283.


Package hyperref Warning: Composite letter `\textasciigrave+\ecircumflex'
(hyperref)                not defined in PD1 encoding,
(hyperref)                removing `\textasciigrave' on input line 283.


Package hyperref Warning: Glyph not defined in PD1 encoding,
(hyperref)                removing `\ecircumflex' on input line 283.


Package hyperref Warning: Glyph not defined in PD1 encoding,
(hyperref)                removing `\dj' on input line 283.


Package hyperref Warning: Glyph not defined in PD1 encoding,
(hyperref)                removing `\h' on input line 283.


Package hyperref Warning: Glyph not defined in PD1 encoding,
(hyperref)                removing `\uhorn' on input line 283.


Package hyperref Warning: Composite letter `\textdotbelow+u'
(hyperref)                not defined in PD1 encoding,
(hyperref)                removing `\textdotbelow' on input line 283.


Package hyperref Warning: Composite letter `\textdotbelow+a'
(hyperref)                not defined in PD1 encoding,
(hyperref)                removing `\textdotbelow' on input line 293.


Package hyperref Warning: Composite letter `\textdotbelow+\ecircumflex'
(hyperref)                not defined in PD1 encoding,
(hyperref)                removing `\textdotbelow' on input line 293.


Package hyperref Warning: Glyph not defined in PD1 encoding,
(hyperref)                removing `\ecircumflex' on input line 293.


Package hyperref Warning: Composite letter `\textacute+\ocircumflex'
(hyperref)                not defined in PD1 encoding,
(hyperref)                removing `\textacute' on input line 293.


Package hyperref Warning: Glyph not defined in PD1 encoding,
(hyperref)                removing `\ocircumflex' on input line 293.

<pic6.png, id=311, 1225.57875pt x 646.66594pt>
File: pic6.png Graphic file (type png)
<use pic6.png>
Package pdftex.def Info: pic6.png  used on input line 296.
(pdftex.def)             Requested size: 483.69684pt x 255.2181pt.

Overfull \hbox (65.44316pt too wide) in paragraph at lines 296--297
 [] 
 []

File: hcmut.png Graphic file (type png)
<use hcmut.png>
Package pdftex.def Info: hcmut.png  used on input line 300.
(pdftex.def)             Requested size: 22.76204pt x 22.75928pt.
[11 <./pic2.png>]

Package hyperref Warning: Composite letter `\textdotbelow+\ecircumflex'
(hyperref)                not defined in PD1 encoding,
(hyperref)                removing `\textdotbelow' on input line 301.


Package hyperref Warning: Glyph not defined in PD1 encoding,
(hyperref)                removing `\ecircumflex' on input line 301.


Package hyperref Warning: Composite letter `\textdotbelow+\uhorn'
(hyperref)                not defined in PD1 encoding,
(hyperref)                removing `\textdotbelow' on input line 301.


Package hyperref Warning: Glyph not defined in PD1 encoding,
(hyperref)                removing `\uhorn' on input line 301.


Package hyperref Warning: Composite letter `\textasciigrave+\acircumflex'
(hyperref)                not defined in PD1 encoding,
(hyperref)                removing `\textasciigrave' on input line 301.


Package hyperref Warning: Glyph not defined in PD1 encoding,
(hyperref)                removing `\acircumflex' on input line 301.


Package hyperref Warning: Composite letter `\textacute+\uhorn'
(hyperref)                not defined in PD1 encoding,
(hyperref)                removing `\textacute' on input line 301.


Package hyperref Warning: Glyph not defined in PD1 encoding,
(hyperref)                removing `\uhorn' on input line 301.


Package hyperref Warning: Composite letter `\textdotbelow+a'
(hyperref)                not defined in PD1 encoding,
(hyperref)                removing `\textdotbelow' on input line 302.


Package hyperref Warning: Composite letter `\textacute+\ecircumflex'
(hyperref)                not defined in PD1 encoding,
(hyperref)                removing `\textacute' on input line 302.


Package hyperref Warning: Glyph not defined in PD1 encoding,
(hyperref)                removing `\ecircumflex' on input line 302.


Package hyperref Warning: Composite letter `\textacute+\ocircumflex'
(hyperref)                not defined in PD1 encoding,
(hyperref)                removing `\textacute' on input line 302.


Package hyperref Warning: Glyph not defined in PD1 encoding,
(hyperref)                removing `\ocircumflex' on input line 302.


Package hyperref Warning: Composite letter `\textdotbelow+\abreve'
(hyperref)                not defined in PD1 encoding,
(hyperref)                removing `\textdotbelow' on input line 302.


Package hyperref Warning: Glyph not defined in PD1 encoding,
(hyperref)                removing `\abreve' on input line 302.


Package hyperref Warning: Glyph not defined in PD1 encoding,
(hyperref)                removing `\uhorn' on input line 302.


Package hyperref Warning: Composite letter `\textacute+\ohorn'
(hyperref)                not defined in PD1 encoding,
(hyperref)                removing `\textacute' on input line 302.


Package hyperref Warning: Glyph not defined in PD1 encoding,
(hyperref)                removing `\ohorn' on input line 302.

<pic8.jpg, id=318, 963.6pt x 722.7pt>
File: pic8.jpg Graphic file (type jpg)
<use pic8.jpg>
Package pdftex.def Info: pic8.jpg  used on input line 305.
(pdftex.def)             Requested size: 398.33858pt x 298.74599pt.
File: hcmut.png Graphic file (type png)
<use hcmut.png>
Package pdftex.def Info: hcmut.png  used on input line 309.
(pdftex.def)             Requested size: 22.76204pt x 22.75928pt.
[12 <./pic6.png>]

Package hyperref Warning: Composite letter `\textdotbelow+a'
(hyperref)                not defined in PD1 encoding,
(hyperref)                removing `\textdotbelow' on input line 309.


Package hyperref Warning: Composite letter `\textacute+\ecircumflex'
(hyperref)                not defined in PD1 encoding,
(hyperref)                removing `\textacute' on input line 309.


Package hyperref Warning: Glyph not defined in PD1 encoding,
(hyperref)                removing `\ecircumflex' on input line 309.


Package hyperref Warning: Composite letter `\textacute+\ocircumflex'
(hyperref)                not defined in PD1 encoding,
(hyperref)                removing `\textacute' on input line 309.


Package hyperref Warning: Glyph not defined in PD1 encoding,
(hyperref)                removing `\ocircumflex' on input line 309.


Package hyperref Warning: Composite letter `\textdotbelow+\abreve'
(hyperref)                not defined in PD1 encoding,
(hyperref)                removing `\textdotbelow' on input line 309.


Package hyperref Warning: Glyph not defined in PD1 encoding,
(hyperref)                removing `\abreve' on input line 309.

<pic7.jpg, id=325, 542.025pt x 722.7pt>
File: pic7.jpg Graphic file (type jpg)
<use pic7.jpg>
Package pdftex.def Info: pic7.jpg  used on input line 313.
(pdftex.def)             Requested size: 284.52756pt x 379.37907pt.
File: hcmut.png Graphic file (type png)
<use hcmut.png>
Package pdftex.def Info: hcmut.png  used on input line 317.
(pdftex.def)             Requested size: 22.76204pt x 22.75928pt.
[13 <./pic8.jpg>]

Package hyperref Warning: Composite letter `\textdotbelow+\ecircumflex'
(hyperref)                not defined in PD1 encoding,
(hyperref)                removing `\textdotbelow' on input line 317.


Package hyperref Warning: Glyph not defined in PD1 encoding,
(hyperref)                removing `\ecircumflex' on input line 317.


Package hyperref Warning: Composite letter `\textdotbelow+\uhorn'
(hyperref)                not defined in PD1 encoding,
(hyperref)                removing `\textdotbelow' on input line 317.


Package hyperref Warning: Glyph not defined in PD1 encoding,
(hyperref)                removing `\uhorn' on input line 317.


Package hyperref Warning: Composite letter `\textasciigrave+\acircumflex'
(hyperref)                not defined in PD1 encoding,
(hyperref)                removing `\textasciigrave' on input line 317.


Package hyperref Warning: Glyph not defined in PD1 encoding,
(hyperref)                removing `\acircumflex' on input line 317.


Package hyperref Warning: Composite letter `\textasciigrave+\ecircumflex'
(hyperref)                not defined in PD1 encoding,
(hyperref)                removing `\textasciigrave' on input line 317.


Package hyperref Warning: Glyph not defined in PD1 encoding,
(hyperref)                removing `\ecircumflex' on input line 317.

<pic7.png, id=331, 583.42969pt x 140.02313pt>
File: pic7.png Graphic file (type png)
<use pic7.png>
Package pdftex.def Info: pic7.png  used on input line 320.
(pdftex.def)             Requested size: 341.43306pt x 81.9463pt.

Package hyperref Warning: Glyph not defined in PD1 encoding,
(hyperref)                removing `\h' on input line 324.


Package hyperref Warning: Glyph not defined in PD1 encoding,
(hyperref)                removing `\uhorn' on input line 324.


Package hyperref Warning: Composite letter `\textdotbelow+\ecircumflex'
(hyperref)                not defined in PD1 encoding,
(hyperref)                removing `\textdotbelow' on input line 324.


Package hyperref Warning: Glyph not defined in PD1 encoding,
(hyperref)                removing `\ecircumflex' on input line 324.


Package hyperref Warning: Composite letter `\textdotbelow+\ecircumflex'
(hyperref)                not defined in PD1 encoding,
(hyperref)                removing `\textdotbelow' on input line 324.


Package hyperref Warning: Glyph not defined in PD1 encoding,
(hyperref)                removing `\ecircumflex' on input line 324.


Package hyperref Warning: Composite letter `\textacute+\ocircumflex'
(hyperref)                not defined in PD1 encoding,
(hyperref)                removing `\textacute' on input line 324.


Package hyperref Warning: Glyph not defined in PD1 encoding,
(hyperref)                removing `\ocircumflex' on input line 324.

File: hcmut.png Graphic file (type png)
<use hcmut.png>
Package pdftex.def Info: hcmut.png  used on input line 329.
(pdftex.def)             Requested size: 22.76204pt x 22.75928pt.
[14 <./pic7.jpg> <./pic7.png>]

Package hyperref Warning: Composite letter `\textdotbelow+a'
(hyperref)                not defined in PD1 encoding,
(hyperref)                removing `\textdotbelow' on input line 335.

<pic9.jpg, id=338, 963.6pt x 722.7pt>
File: pic9.jpg Graphic file (type jpg)
<use pic9.jpg>
Package pdftex.def Info: pic9.jpg  used on input line 338.
(pdftex.def)             Requested size: 341.43306pt x 256.06956pt.

Package hyperref Warning: Composite letter `\textdotbelow+a'
(hyperref)                not defined in PD1 encoding,
(hyperref)                removing `\textdotbelow' on input line 342.

<pic10.jpg, id=339, 963.6pt x 722.7pt>
File: pic10.jpg Graphic file (type jpg)
<use pic10.jpg>
Package pdftex.def Info: pic10.jpg  used on input line 345.
(pdftex.def)             Requested size: 341.43306pt x 256.06956pt.
File: hcmut.png Graphic file (type png)
<use hcmut.png>
Package pdftex.def Info: hcmut.png  used on input line 349.
(pdftex.def)             Requested size: 22.76204pt x 22.75928pt.
[15 <./pic9.jpg>]

Package hyperref Warning: Composite letter `\textdotbelow+a'
(hyperref)                not defined in PD1 encoding,
(hyperref)                removing `\textdotbelow' on input line 349.

<pic11.jpg, id=345, 2055.68pt x 998.73125pt>
File: pic11.jpg Graphic file (type jpg)
<use pic11.jpg>
Package pdftex.def Info: pic11.jpg  used on input line 352.
(pdftex.def)             Requested size: 341.43306pt x 165.88078pt.

Package hyperref Warning: Composite letter `\textdotbelow+a'
(hyperref)                not defined in PD1 encoding,
(hyperref)                removing `\textdotbelow' on input line 356.

<pic12.jpg, id=346, 2055.68pt x 998.73125pt>
File: pic12.jpg Graphic file (type jpg)
<use pic12.jpg>
Package pdftex.def Info: pic12.jpg  used on input line 359.
(pdftex.def)             Requested size: 341.43306pt x 165.88078pt.
File: hcmut.png Graphic file (type png)
<use hcmut.png>
Package pdftex.def Info: hcmut.png  used on input line 363.
(pdftex.def)             Requested size: 22.76204pt x 22.75928pt.
[16 <./pic10.jpg> <./pic11.jpg>]

Package hyperref Warning: Composite letter `\textdotbelow+a'
(hyperref)                not defined in PD1 encoding,
(hyperref)                removing `\textdotbelow' on input line 363.

<pic13.jpg, id=352, 2055.68pt x 998.73125pt>
File: pic13.jpg Graphic file (type jpg)
<use pic13.jpg>
Package pdftex.def Info: pic13.jpg  used on input line 366.
(pdftex.def)             Requested size: 341.43306pt x 165.88078pt.

Package hyperref Warning: Composite letter `\textdotbelow+a'
(hyperref)                not defined in PD1 encoding,
(hyperref)                removing `\textdotbelow' on input line 370.


Package hyperref Warning: Glyph not defined in PD1 encoding,
(hyperref)                removing `\h' on input line 370.


Package hyperref Warning: Glyph not defined in PD1 encoding,
(hyperref)                removing `\h' on input line 370.


Package hyperref Warning: Glyph not defined in PD1 encoding,
(hyperref)                removing `\uhorn' on input line 370.


Package hyperref Warning: Composite letter `\textasciigrave+\ohorn'
(hyperref)                not defined in PD1 encoding,
(hyperref)                removing `\textasciigrave' on input line 370.


Package hyperref Warning: Glyph not defined in PD1 encoding,
(hyperref)                removing `\ohorn' on input line 370.

<pic14.jpg, id=353, 2055.68pt x 998.73125pt>
File: pic14.jpg Graphic file (type jpg)
<use pic14.jpg>
Package pdftex.def Info: pic14.jpg  used on input line 373.
(pdftex.def)             Requested size: 341.43306pt x 165.88078pt.
File: hcmut.png Graphic file (type png)
<use hcmut.png>
Package pdftex.def Info: hcmut.png  used on input line 377.
(pdftex.def)             Requested size: 22.76204pt x 22.75928pt.
[17 <./pic12.jpg> <./pic13.jpg>]

Package hyperref Warning: Composite letter `\textacute+\ecircumflex'
(hyperref)                not defined in PD1 encoding,
(hyperref)                removing `\textacute' on input line 379.


Package hyperref Warning: Glyph not defined in PD1 encoding,
(hyperref)                removing `\ecircumflex' on input line 379.


Package hyperref Warning: Composite letter `\textdotbelow+\acircumflex'
(hyperref)                not defined in PD1 encoding,
(hyperref)                removing `\textdotbelow' on input line 379.


Package hyperref Warning: Glyph not defined in PD1 encoding,
(hyperref)                removing `\acircumflex' on input line 379.


Package hyperref Warning: Composite letter `\textacute+\ecircumflex'
(hyperref)                not defined in PD1 encoding,
(hyperref)                removing `\textacute' on input line 380.


Package hyperref Warning: Glyph not defined in PD1 encoding,
(hyperref)                removing `\ecircumflex' on input line 380.


Package hyperref Warning: Glyph not defined in PD1 encoding,
(hyperref)                removing `\h' on input line 380.


Package hyperref Warning: Glyph not defined in PD1 encoding,
(hyperref)                removing `\dj' on input line 380.


Package hyperref Warning: Composite letter `\textdotbelow+a'
(hyperref)                not defined in PD1 encoding,
(hyperref)                removing `\textdotbelow' on input line 380.


Package hyperref Warning: Glyph not defined in PD1 encoding,
(hyperref)                removing `\dj' on input line 380.


Package hyperref Warning: Glyph not defined in PD1 encoding,
(hyperref)                removing `\uhorn' on input line 380.


Package hyperref Warning: Composite letter `\textdotbelow+\ohorn'
(hyperref)                not defined in PD1 encoding,
(hyperref)                removing `\textdotbelow' on input line 380.


Package hyperref Warning: Glyph not defined in PD1 encoding,
(hyperref)                removing `\ohorn' on input line 380.


Package hyperref Warning: Composite letter `\textdotbelow+\uhorn'
(hyperref)                not defined in PD1 encoding,
(hyperref)                removing `\textdotbelow' on input line 391.


Package hyperref Warning: Glyph not defined in PD1 encoding,
(hyperref)                removing `\uhorn' on input line 391.


Package hyperref Warning: Composite letter `\textdotbelow+\ecircumflex'
(hyperref)                not defined in PD1 encoding,
(hyperref)                removing `\textdotbelow' on input line 391.


Package hyperref Warning: Glyph not defined in PD1 encoding,
(hyperref)                removing `\ecircumflex' on input line 391.


Package hyperref Warning: Glyph not defined in PD1 encoding,
(hyperref)                removing `\dj' on input line 391.


Package hyperref Warning: Composite letter `\textasciigrave+\ecircumflex'
(hyperref)                not defined in PD1 encoding,
(hyperref)                removing `\textasciigrave' on input line 391.


Package hyperref Warning: Glyph not defined in PD1 encoding,
(hyperref)                removing `\ecircumflex' on input line 391.


Package hyperref Warning: Glyph not defined in PD1 encoding,
(hyperref)                removing `\h' on input line 394.


Package hyperref Warning: Glyph not defined in PD1 encoding,
(hyperref)                removing `\ohorn' on input line 394.


Package hyperref Warning: Composite letter `\textdotbelow+\ocircumflex'
(hyperref)                not defined in PD1 encoding,
(hyperref)                removing `\textdotbelow' on input line 394.


Package hyperref Warning: Glyph not defined in PD1 encoding,
(hyperref)                removing `\ocircumflex' on input line 394.


Package hyperref Warning: Glyph not defined in PD1 encoding,
(hyperref)                removing `\h' on input line 394.


Package hyperref Warning: Glyph not defined in PD1 encoding,
(hyperref)                removing `\ecircumflex' on input line 394.


Package hyperref Warning: Glyph not defined in PD1 encoding,
(hyperref)                removing `\dj' on input line 394.


Package hyperref Warning: Composite letter `\textasciigrave+\ecircumflex'
(hyperref)                not defined in PD1 encoding,
(hyperref)                removing `\textasciigrave' on input line 394.


Package hyperref Warning: Glyph not defined in PD1 encoding,
(hyperref)                removing `\ecircumflex' on input line 394.


Package hyperref Warning: Composite letter `\textdotbelow+\ohorn'
(hyperref)                not defined in PD1 encoding,
(hyperref)                removing `\textdotbelow' on input line 395.


Package hyperref Warning: Glyph not defined in PD1 encoding,
(hyperref)                removing `\ohorn' on input line 395.


Package hyperref Warning: Glyph not defined in PD1 encoding,
(hyperref)                removing `\h' on input line 397.


Package hyperref Warning: Glyph not defined in PD1 encoding,
(hyperref)                removing `\ohorn' on input line 397.


Package hyperref Warning: Composite letter `\textdotbelow+\ocircumflex'
(hyperref)                not defined in PD1 encoding,
(hyperref)                removing `\textdotbelow' on input line 397.


Package hyperref Warning: Glyph not defined in PD1 encoding,
(hyperref)                removing `\ocircumflex' on input line 397.


Package hyperref Warning: Composite letter `\textasciigrave+\ecircumflex'
(hyperref)                not defined in PD1 encoding,
(hyperref)                removing `\textasciigrave' on input line 397.


Package hyperref Warning: Glyph not defined in PD1 encoding,
(hyperref)                removing `\ecircumflex' on input line 397.

File: hcmut.png Graphic file (type png)
<use hcmut.png>
Package pdftex.def Info: hcmut.png  used on input line 400.
(pdftex.def)             Requested size: 22.76204pt x 22.75928pt.
[18 <./pic14.jpg>]

Package hyperref Warning: Composite letter `\textdotbelow+\ecircumflex'
(hyperref)                not defined in PD1 encoding,
(hyperref)                removing `\textdotbelow' on input line 403.


Package hyperref Warning: Glyph not defined in PD1 encoding,
(hyperref)                removing `\ecircumflex' on input line 403.


AED: lastpage setting LastPage
File: hcmut.png Graphic file (type png)
<use hcmut.png>
Package pdftex.def Info: hcmut.png  used on input line 417.
(pdftex.def)             Requested size: 22.76204pt x 22.75928pt.
[19]
Package atveryend Info: Empty hook `BeforeClearDocument' on input line 417.
Package atveryend Info: Empty hook `AfterLastShipout' on input line 417.
 (BaoCDoAn.aux)
Package atveryend Info: Executing hook `AtVeryEndDocument' on input line 417.
Package atveryend Info: Executing hook `AtEndAfterFileList' on input line 417.
Package rerunfilecheck Info: File `BaoCDoAn.out' has not changed.
(rerunfilecheck)             Checksum: 1623E5DBC4511B1A44E14959379BFBAF;2555.


LaTeX Warning: Label(s) may have changed. Rerun to get cross-references right.

Package atveryend Info: Empty hook `AtVeryVeryEnd' on input line 417.
 ) 
Here is how much of TeX's memory you used:
 21935 strings out of 492450
 425244 string characters out of 3113467
 474521 words of memory out of 3000000
 25703 multiletter control sequences out of 15000+200000
 17845 words of font info for 39 fonts, out of 3000000 for 9000
 1141 hyphenation exceptions out of 8191
 60i,24n,76p,696b,449s stack positions out of 5000i,500n,10000p,200000b,50000s
<C:/Users/QuangMinhNguyenTran/AppData/Local/Programs/MiKTeX 2.9/fonts/type1/v
ntex/vnr/vnbx10.pfb><C:/Users/QuangMinhNguyenTran/AppData/Local/Programs/MiKTeX
 2.9/fonts/type1/vntex/vnr/vnbx12.pfb><C:/Users/QuangMinhNguyenTran/AppData/Loc
al/Programs/MiKTeX 2.9/fonts/type1/vntex/vnr/vnr10.pfb><C:/Users/QuangMinhNguye
nTran/AppData/Local/Programs/MiKTeX 2.9/fonts/type1/vntex/vnr/vnr8.pfb><C:/User
s/QuangMinhNguyenTran/AppData/Local/Programs/MiKTeX 2.9/fonts/type1/vntex/vnr/v
nti10.pfb><C:/Users/QuangMinhNguyenTran/AppData/Local/Programs/MiKTeX 2.9/fonts
/type1/vntex/vnr/vntt10.pfb><C:/Users/QuangMinhNguyenTran/AppData/Local/Program
s/MiKTeX 2.9/fonts/type1/vntex/vnr/vntt8.pfb>
Output written on BaoCDoAn.pdf (20 pages, 1648898 bytes).
PDF statistics:
 423 PDF objects out of 1000 (max. 8388607)
 93 named destinations out of 1000 (max. 500000)
 402 words of extra memory for PDF output out of 10000 (max. 10000000)

