\BOOKMARK [1][-]{section*.4}{Li cam n}{}% 1
\BOOKMARK [1][-]{section*.5}{T\363m tt \040\341n}{}% 2
\BOOKMARK [1][-]{section*.6}{Muc luc}{}% 3
\BOOKMARK [1][-]{section*.7}{Danh s\341ch h\354nh ve}{}% 4
\BOOKMARK [1][-]{section.1}{Gii thiu \040t\340i}{}% 5
\BOOKMARK [2][-]{subsection.1.1}{T\352n \040t\340i:}{section.1}% 6
\BOOKMARK [2][-]{subsection.1.2}{Nhim vu \040t\340i:}{section.1}% 7
\BOOKMARK [2][-]{subsection.1.3}{\335 ngh\232a thc tin:}{section.1}% 8
\BOOKMARK [2][-]{subsection.1.4}{Cu tr\372c b\341o c\341o \040\341n:}{section.1}% 9
\BOOKMARK [1][-]{section.2}{Hoat ng c ban cua h thng:}{}% 10
\BOOKMARK [1][-]{section.3}{Phn cng \343 s dung:}{}% 11
\BOOKMARK [2][-]{subsection.3.1}{Kit th\355 nghim BKIT PIC:}{section.3}% 12
\BOOKMARK [2][-]{subsection.3.2}{IC 74HC595N:}{section.3}% 13
\BOOKMARK [2][-]{subsection.3.3}{Module Led 7 oan:}{section.3}% 14
\BOOKMARK [2][-]{subsection.3.4}{B 3 Led \320o - Xanh - V\340ng}{section.3}% 15
\BOOKMARK [2][-]{subsection.3.5}{Board mach kt ni c\341c module:}{section.3}% 16
\BOOKMARK [1][-]{section.4}{Phn mm \343 s dung:}{}% 17
\BOOKMARK [2][-]{subsection.4.1}{MPLAB X IDE:}{section.4}% 18
\BOOKMARK [2][-]{subsection.4.2}{Altium Designer:}{section.4}% 19
\BOOKMARK [1][-]{section.5}{M\341y trang th\341i cho h thng}{}% 20
\BOOKMARK [1][-]{section.6}{Hin thc phn cng}{}% 21
\BOOKMARK [2][-]{subsection.6.1}{Board mach kt ni \(mt di\)}{section.6}% 22
\BOOKMARK [2][-]{subsection.6.2}{Board mach kt ni \(mt tr\352n\)}{section.6}% 23
\BOOKMARK [1][-]{section.7}{Hin thc phn mm}{}% 24
\BOOKMARK [1][-]{section.8}{Th nghim h thng}{}% 25
\BOOKMARK [2][-]{subsection.8.1}{Trang th\341i Phase 1 Green}{section.8}% 26
\BOOKMARK [2][-]{subsection.8.2}{Trang th\341i Phase 1 Yellow}{section.8}% 27
\BOOKMARK [2][-]{subsection.8.3}{Trang th\341i Phase 2 Green}{section.8}% 28
\BOOKMARK [2][-]{subsection.8.4}{Trang th\341i Phase 2 Yellow}{section.8}% 29
\BOOKMARK [2][-]{subsection.8.5}{Trang th\341i Yellow Blink}{section.8}% 30
\BOOKMARK [2][-]{subsection.8.6}{Trang th\341i chinh sa thi gian}{section.8}% 31
\BOOKMARK [1][-]{section.9}{Kt lun}{}% 32
\BOOKMARK [2][-]{subsection.9.1}{Kt qua at c:}{section.9}% 33
\BOOKMARK [2][-]{subsection.9.2}{Qu\341 tr\354nh thc hin \040t\340i:}{section.9}% 34
\BOOKMARK [2][-]{subsection.9.3}{M rng v\340 ph\341t trin \040t\340i:}{section.9}% 35
\BOOKMARK [3][-]{subsubsection.9.3.1}{T\355ch hp camera:}{subsection.9.3}% 36
\BOOKMARK [3][-]{subsubsection.9.3.2}{M rng th\352m nhiu n\372t giao th\364ng:}{subsection.9.3}% 37
\BOOKMARK [1][-]{section*.24}{T\340i liu}{}% 38
